<?xml version="1.0" encoding="utf-8"?>
<test-run id="2" testcasecount="484" result="Passed" total="484" passed="484" failed="0" inconclusive="0" skipped="0" asserts="0" engine-version="3.5.0.0" clr-version="4.0.30319.42000" start-time="2026-09-22 21:53:24Z" end-time="2026-09-22 21:58:20Z" duration="296.2659647">
  <test-suite type="TestSuite" id="1574" name="Survivor Farm" fullname="Survivor Farm" runstate="Runnable" testcasecount="484" result="Passed" start-time="2026-09-22 21:53:24Z" end-time="2026-09-22 21:58:20Z" duration="296.265965" total="484" passed="484" failed="0" inconclusive="0" skipped="0" asserts="0">
    <properties>
      <property name="platform" value="PlayMode" />
    </properties>
    <test-suite type="Assembly" id="1568" name="SurvivorFarm.PlayModeTests.dll" fullname="C:/Users/Juan Jose/Documents/ProyectosUnity/Juegos/Survivor Farm/Temp/TeamQA/Library/ScriptAssemblies/SurvivorFarm.PlayModeTests.dll" runstate="Runnable" testcasecount="484" result="Passed" start-time="2026-09-22 21:53:24Z" end-time="2026-09-22 21:58:20Z" duration="296.258231" total="484" passed="484" failed="0" inconclusive="0" skipped="0" asserts="0">
      <properties>
        <property name="_PID" value="26712" />
        <property name="_APPDOMAIN" value="Unity Child Domain" />
        <property name="platform" value="PlayMode" />
        <property name="EditorOnly" value="False" />
      </properties>
      <test-suite type="TestSuite" id="1569" name="SurvivorFarm" fullname="SurvivorFarm" runstate="Runnable" testcasecount="484" result="Passed" start-time="2026-09-22 21:53:24Z" end-time="2026-09-22 21:58:20Z" duration="296.256909" total="484" passed="484" failed="0" inconclusive="0" skipped="0" asserts="0">
        <properties />
        <test-suite type="TestSuite" id="1570" name="Tests" fullname="SurvivorFarm.Tests" runstate="Runnable" testcasecount="484" result="Passed" start-time="2026-09-22 21:53:24Z" end-time="2026-09-22 21:58:20Z" duration="296.255413" total="484" passed="484" failed="0" inconclusive="0" skipped="0" asserts="0">
          <properties />
          <test-suite type="TestFixture" id="1001" name="AiScalabilityTests" fullname="SurvivorFarm.Tests.AiScalabilityTests" classname="SurvivorFarm.Tests.AiScalabilityTests" runstate="Runnable" testcasecount="5" result="Passed" start-time="2026-09-22 21:53:24Z" end-time="2026-09-22 21:53:24Z" duration="0.185681" total="5" passed="5" failed="0" inconclusive="0" skipped="0" asserts="0">
            <properties />
            <test-case id="1004" name="NavigationUsesOneBroadPhaseQueryAndReusesBoundedRouteBuffers" fullname="SurvivorFarm.Tests.AiScalabilityTests.NavigationUsesOneBroadPhaseQueryAndReusesBoundedRouteBuffers" methodname="NavigationUsesOneBroadPhaseQueryAndReusesBoundedRouteBuffers" classname="SurvivorFarm.Tests.AiScalabilityTests" runstate="Runnable" seed="783358612" result="Passed" start-time="2026-09-22 21:53:24Z" end-time="2026-09-22 21:53:24Z" duration="0.081732" asserts="0">
              <properties>
                <property name="retryIteration" value="0" />
                <property name="repeatIteration" value="0" />
              </properties>
            </test-case>
            <test-case id="1005" name="RasterizedShapesMatchCircularClearanceAndRefreshAfterMovement" fullname="SurvivorFarm.Tests.AiScalabilityTests.RasterizedShapesMatchCircularClearanceAndRefreshAfterMovement" methodname="RasterizedShapesMatchCircularClearanceAndRefreshAfterMovement" classname="SurvivorFarm.Tests.AiScalabilityTests" runstate="Runnable" seed="1815655585" result="Passed" start-time="2026-09-22 21:53:24Z" end-time="2026-09-22 21:53:24Z" duration="0.035046" asserts="0">
              <properties>
                <property name="retryIteration" value="0" />
                <property name="repeatIteration" value="0" />
              </properties>
            </test-case>
            <test-case id="1002" name="RegistryTracksPooledReuseDisableAndSwapRemovalWithoutDuplicates" fullname="SurvivorFarm.Tests.AiScalabilityTests.RegistryTracksPooledReuseDisableAndSwapRemovalWithoutDuplicates" methodname="RegistryTracksPooledReuseDisableAndSwapRemovalWithoutDuplicates" classname="SurvivorFarm.Tests.AiScalabilityTests" runstate="Runnable" seed="1056389606" result="Passed" start-time="2026-09-22 21:53:24Z" end-time="2026-09-22 21:53:24Z" duration="0.004092" asserts="0">
              <properties>
                <property name="retryIteration" value="0" />
                <property name="repeatIteration" value="0" />
              </properties>
            </test-case>
            <test-case id="1006" name="RemovingATurretDisposesItsProjectileStorageAndLeases" fullname="SurvivorFarm.Tests.AiScalabilityTests.RemovingATurretDisposesItsProjectileStorageAndLeases" methodname="RemovingATurretDisposesItsProjectileStorageAndLeases" classname="SurvivorFarm.Tests.AiScalabilityTests" runstate="Runnable" seed="766399804" result="Passed" start-time="2026-09-22 21:53:24Z" end-time="2026-09-22 21:53:24Z" duration="0.052363" asserts="0">
              <properties>
                <property name="_JOINTYPE" value="UnityCombinatorial" />
                <property name="retryIteration" value="0" />
                <property name="repeatIteration" value="0" />
              </properties>
            </test-case>
            <test-case id="1003" name="UnloadingAnEnemyHierarchyLeavesNoStaleRegistryEntries" fullname="SurvivorFarm.Tests.AiScalabilityTests.UnloadingAnEnemyHierarchyLeavesNoStaleRegistryEntries" methodname="UnloadingAnEnemyHierarchyLeavesNoStaleRegistryEntries" classname="SurvivorFarm.Tests.AiScalabilityTests" runstate="Runnable" seed="1878418839" result="Passed" start-time="2026-09-22 21:53:24Z" end-time="2026-09-22 21:53:24Z" duration="0.000724" asserts="0">
              <properties>
                <property name="retryIteration" value="0" />
                <property name="repeatIteration" value="0" />
              </properties>
            </test-case>
          </test-suite>
          <test-suite type="TestFixture" id="1007" name="CombatFeelTests" fullname="SurvivorFarm.Tests.CombatFeelTests" classname="SurvivorFarm.Tests.CombatFeelTests" runstate="Runnable" testcasecount="24" result="Passed" start-time="2026-09-22 21:53:24Z" end-time="2026-09-22 21:53:25Z" duration="1.475496" total="24" passed="24" failed="0" inconclusive="0" skipped="0" asserts="0">
            <properties />
            <test-suite type="ParameterizedMethod" id="1012" name="ActiveWeaponKeepsSharedBonusesWithoutBorrowingOtherWeapon" fullname="SurvivorFarm.Tests.CombatFeelTests.ActiveWeaponKeepsSharedBonusesWithoutBorrowingOtherWeapon" classname="SurvivorFarm.Tests.CombatFeelTests" runstate="Runnable" testcasecount="4" result="Passed" start-time="2026-09-22 21:53:24Z" end-time="2026-09-22 21:53:24Z" duration="0.022884" total="4" passed="4" failed="0" inconclusive="0" skipped="0" asserts="0">
              <properties />
              <test-case id="1008" name="ActiveWeaponKeepsSharedBonusesWithoutBorrowingOtherWeapon(&quot;IronSword&quot;,6,11)" fullname="SurvivorFarm.Tests.CombatFeelTests.ActiveWeaponKeepsSharedBonusesWithoutBorrowingOtherWeapon(&quot;IronSword&quot;,6,11)" methodname="ActiveWeaponKeepsSharedBonusesWithoutBorrowingOtherWeapon" classname="SurvivorFarm.Tests.CombatFeelTests" runstate="Runnable" seed="2086397287" result="Passed" start-time="2026-09-22 21:53:24Z" end-time="2026-09-22 21:53:24Z" duration="0.004299" asserts="0">
                <properties>
                  <property name="retryIteration" value="0" />
                  <property name="repeatIteration" value="0" />
                </properties>
              </test-case>
              <test-case id="1009" name="ActiveWeaponKeepsSharedBonusesWithoutBorrowingOtherWeapon(&quot;RubySword&quot;,8,11)" fullname="SurvivorFarm.Tests.CombatFeelTests.ActiveWeaponKeepsSharedBonusesWithoutBorrowingOtherWeapon(&quot;RubySword&quot;,8,11)" methodname="ActiveWeaponKeepsSharedBonusesWithoutBorrowingOtherWeapon" classname="SurvivorFarm.Tests.CombatFeelTests" runstate="Runnable" seed="940130812" result="Passed" start-time="2026-09-22 21:53:24Z" end-time="2026-09-22 21:53:24Z" duration="0.000666" asserts="0">
                <properties>
                  <property name="retryIteration" value="0" />
                  <property name="repeatIteration" value="0" />
                </properties>
              </test-case>
              <test-case id="1010" name="ActiveWeaponKeepsSharedBonusesWithoutBorrowingOtherWeapon(&quot;HunterBow&quot;,4,13)" fullname="SurvivorFarm.Tests.CombatFeelTests.ActiveWeaponKeepsSharedBonusesWithoutBorrowingOtherWeapon(&quot;HunterBow&quot;,4,13)" methodname="ActiveWeaponKeepsSharedBonusesWithoutBorrowingOtherWeapon" classname="SurvivorFarm.Tests.CombatFeelTests" runstate="Runnable" seed="1625529791" result="Passed" start-time="2026-09-22 21:53:24Z" end-time="2026-09-22 21:53:24Z" duration="0.000498" asserts="0">
                <properties>
                  <property name="retryIteration" value="0" />
                  <property name="repeatIteration" value="0" />
                </properties>
              </test-case>
              <test-case id="1011" name="ActiveWeaponKeepsSharedBonusesWithoutBorrowingOtherWeapon(&quot;DiamondBow&quot;,4,15)" fullname="SurvivorFarm.Tests.CombatFeelTests.ActiveWeaponKeepsSharedBonusesWithoutBorrowingOtherWeapon(&quot;DiamondBow&quot;,4,15)" methodname="ActiveWeaponKeepsSharedBonusesWithoutBorrowingOtherWeapon" classname="SurvivorFarm.Tests.CombatFeelTests" runstate="Runnable" seed="357544001" result="Passed" start-time="2026-09-22 21:53:24Z" end-time="2026-09-22 21:53:24Z" duration="0.000467" asserts="0">
                <properties>
                  <property name="retryIteration" value="0" />
                  <property name="repeatIteration" value="0" />
                </properties>
              </test-case>
            </test-suite>
            <test-case id="1020" name="ArrowImpactIsReservedBeforeReentrantDamageCallbacks" fullname="SurvivorFarm.Tests.CombatFeelTests.ArrowImpactIsReservedBeforeReentrantDamageCallbacks" methodname="ArrowImpactIsReservedBeforeReentrantDamageCallbacks" classname="SurvivorFarm.Tests.CombatFeelTests" runstate="Runnable" seed="329196684" result="Passed" start-time="2026-09-22 21:53:24Z" end-time="2026-09-22 21:53:24Z" duration="0.004340" asserts="0">
              <properties>
                <property name="retryIteration" value="0" />
                <property name="repeatIteration" value="0" />
              </properties>
            </test-case>
            <test-case id="1016" name="ArrowSpritesAreTheSameExistingAssetAcrossShots" fullname="SurvivorFarm.Tests.CombatFeelTests.ArrowSpritesAreTheSameExistingAssetAcrossShots" methodname="ArrowSpritesAreTheSameExistingAssetAcrossShots" classname="SurvivorFarm.Tests.CombatFeelTests" runstate="Runnable" seed="1537410011" result="Passed" start-time="2026-09-22 21:53:24Z" end-time="2026-09-22 21:53:24Z" duration="0.008521" asserts="0">
              <properties>
                <property name="retryIteration" value="0" />
                <property name="repeatIteration" value="0" />
              </properties>
            </test-case>
            <test-case id="1031" name="BossRetainsAirborneImmunityAndFullDoubleDamageWindow" fullname="SurvivorFarm.Tests.CombatFeelTests.BossRetainsAirborneImmunityAndFullDoubleDamageWindow" methodname="BossRetainsAirborneImmunityAndFullDoubleDamageWindow" classname="SurvivorFarm.Tests.CombatFeelTests" runstate="Runnable" seed="2063738396" result="Passed" start-time="2026-09-22 21:53:24Z" end-time="2026-09-22 21:53:24Z" duration="0.099357" asserts="0">
              <properties>
                <property name="retryIteration" value="0" />
                <property name="repeatIteration" value="0" />
              </properties>
            </test-case>
            <test-suite type="ParameterizedMethod" id="1019" name="BowCanFireWithoutACameraAndDoesNotNeedToAcquireATarget" fullname="SurvivorFarm.Tests.CombatFeelTests.BowCanFireWithoutACameraAndDoesNotNeedToAcquireATarget" classname="SurvivorFarm.Tests.CombatFeelTests" runstate="Runnable" testcasecount="2" result="Passed" start-time="2026-09-22 21:53:24Z" end-time="2026-09-22 21:53:24Z" duration="0.016577" total="2" passed="2" failed="0" inconclusive="0" skipped="0" asserts="0">
              <properties />
              <test-case id="1017" name="BowCanFireWithoutACameraAndDoesNotNeedToAcquireATarget(False)" fullname="SurvivorFarm.Tests.CombatFeelTests.BowCanFireWithoutACameraAndDoesNotNeedToAcquireATarget(False)" methodname="BowCanFireWithoutACameraAndDoesNotNeedToAcquireATarget" classname="SurvivorFarm.Tests.CombatFeelTests" runstate="Runnable" seed="2144143763" result="Passed" start-time="2026-09-22 21:53:24Z" end-time="2026-09-22 21:53:24Z" duration="0.012169" asserts="0">
                <properties>
                  <property name="retryIteration" value="0" />
                  <property name="repeatIteration" value="0" />
                </properties>
              </test-case>
              <test-case id="1018" name="BowCanFireWithoutACameraAndDoesNotNeedToAcquireATarget(True)" fullname="SurvivorFarm.Tests.CombatFeelTests.BowCanFireWithoutACameraAndDoesNotNeedToAcquireATarget(True)" methodname="BowCanFireWithoutACameraAndDoesNotNeedToAcquireATarget" classname="SurvivorFarm.Tests.CombatFeelTests" runstate="Runnable" seed="955531018" result="Passed" start-time="2026-09-22 21:53:24Z" end-time="2026-09-22 21:53:24Z" duration="0.001232" asserts="0">
                <properties>
                  <property name="retryIteration" value="0" />
                  <property name="repeatIteration" value="0" />
                </properties>
              </test-case>
            </test-suite>
            <test-case id="1023" name="BowReleaseWaitsForAnimationAndCanBeCancelled" fullname="SurvivorFarm.Tests.CombatFeelTests.BowReleaseWaitsForAnimationAndCanBeCancelled" methodname="BowReleaseWaitsForAnimationAndCanBeCancelled" classname="SurvivorFarm.Tests.CombatFeelTests" runstate="Runnable" seed="1355179360" result="Passed" start-time="2026-09-22 21:53:24Z" end-time="2026-09-22 21:53:25Z" duration="1.258149" asserts="0">
              <properties>
                <property name="_JOINTYPE" value="UnityCombinatorial" />
                <property name="retryIteration" value="0" />
                <property name="repeatIteration" value="0" />
              </properties>
              <output><![CDATA[There are no audio listeners in the scene. Please ensure there is always one audio listener in the scene
]]></output>
            </test-case>
            <test-case id="1032" name="BudHealingStillOccursOnlyOncePerAttackCycle" fullname="SurvivorFarm.Tests.CombatFeelTests.BudHealingStillOccursOnlyOncePerAttackCycle" methodname="BudHealingStillOccursOnlyOncePerAttackCycle" classname="SurvivorFarm.Tests.CombatFeelTests" runstate="Runnable" seed="552332012" result="Passed" start-time="2026-09-22 21:53:25Z" end-time="2026-09-22 21:53:25Z" duration="0.005910" asserts="0">
              <properties>
                <property name="retryIteration" value="0" />
                <property name="repeatIteration" value="0" />
              </properties>
            </test-case>
            <test-case id="1028" name="CancellingGatheringDoesNotReplaceDamageAnimation" fullname="SurvivorFarm.Tests.CombatFeelTests.CancellingGatheringDoesNotReplaceDamageAnimation" methodname="CancellingGatheringDoesNotReplaceDamageAnimation" classname="SurvivorFarm.Tests.CombatFeelTests" runstate="Runnable" seed="1918317419" result="Passed" start-time="2026-09-22 21:53:25Z" end-time="2026-09-22 21:53:25Z" duration="0.004701" asserts="0">
              <properties>
                <property name="retryIteration" value="0" />
                <property name="repeatIteration" value="0" />
              </properties>
            </test-case>
            <test-case id="1021" name="CoverAddedAfterReleaseBlocksArrowImpact" fullname="SurvivorFarm.Tests.CombatFeelTests.CoverAddedAfterReleaseBlocksArrowImpact" methodname="CoverAddedAfterReleaseBlocksArrowImpact" classname="SurvivorFarm.Tests.CombatFeelTests" runstate="Runnable" seed="1828591319" result="Passed" start-time="2026-09-22 21:53:25Z" end-time="2026-09-22 21:53:25Z" duration="0.001017" asserts="0">
              <properties>
                <property name="retryIteration" value="0" />
                <property name="repeatIteration" value="0" />
              </properties>
            </test-case>
            <test-case id="1027" name="DeathCancelsBeforeSameFrameReviveCanResumeHarvest" fullname="SurvivorFarm.Tests.CombatFeelTests.DeathCancelsBeforeSameFrameReviveCanResumeHarvest" methodname="DeathCancelsBeforeSameFrameReviveCanResumeHarvest" classname="SurvivorFarm.Tests.CombatFeelTests" runstate="Runnable" seed="44684707" result="Passed" start-time="2026-09-22 21:53:25Z" end-time="2026-09-22 21:53:25Z" duration="0.002404" asserts="0">
              <properties>
                <property name="retryIteration" value="0" />
                <property name="repeatIteration" value="0" />
              </properties>
            </test-case>
            <test-case id="1014" name="EmptyAndUnknownEquipmentRemainSafe" fullname="SurvivorFarm.Tests.CombatFeelTests.EmptyAndUnknownEquipmentRemainSafe" methodname="EmptyAndUnknownEquipmentRemainSafe" classname="SurvivorFarm.Tests.CombatFeelTests" runstate="Runnable" seed="1105585288" result="Passed" start-time="2026-09-22 21:53:25Z" end-time="2026-09-22 21:53:25Z" duration="0.000810" asserts="0">
              <properties>
                <property name="retryIteration" value="0" />
                <property name="repeatIteration" value="0" />
              </properties>
            </test-case>
            <test-case id="1029" name="HarvestHitsDoNotPayUntilCompletionAndCompletionPaysOnce" fullname="SurvivorFarm.Tests.CombatFeelTests.HarvestHitsDoNotPayUntilCompletionAndCompletionPaysOnce" methodname="HarvestHitsDoNotPayUntilCompletionAndCompletionPaysOnce" classname="SurvivorFarm.Tests.CombatFeelTests" runstate="Runnable" seed="1501849070" result="Passed" start-time="2026-09-22 21:53:25Z" end-time="2026-09-22 21:53:25Z" duration="0.004481" asserts="0">
              <properties>
                <property name="retryIteration" value="0" />
                <property name="repeatIteration" value="0" />
              </properties>
              <output><![CDATA[+2 madera, +4 oro
]]></output>
            </test-case>
            <test-case id="1013" name="LegacySwordProgressionStaysExclusiveToSword" fullname="SurvivorFarm.Tests.CombatFeelTests.LegacySwordProgressionStaysExclusiveToSword" methodname="LegacySwordProgressionStaysExclusiveToSword" classname="SurvivorFarm.Tests.CombatFeelTests" runstate="Runnable" seed="1806707593" result="Passed" start-time="2026-09-22 21:53:25Z" end-time="2026-09-22 21:53:25Z" duration="0.003219" asserts="0">
              <properties>
                <property name="retryIteration" value="0" />
                <property name="repeatIteration" value="0" />
              </properties>
            </test-case>
            <test-case id="1022" name="ReusedAndDestroyedArrowTargetsCannotTakeDamage" fullname="SurvivorFarm.Tests.CombatFeelTests.ReusedAndDestroyedArrowTargetsCannotTakeDamage" methodname="ReusedAndDestroyedArrowTargetsCannotTakeDamage" classname="SurvivorFarm.Tests.CombatFeelTests" runstate="Runnable" seed="1148959341" result="Passed" start-time="2026-09-22 21:53:25Z" end-time="2026-09-22 21:53:25Z" duration="0.001802" asserts="0">
              <properties>
                <property name="retryIteration" value="0" />
                <property name="repeatIteration" value="0" />
              </properties>
            </test-case>
            <test-case id="1015" name="SwordSweepHitsFacingArcOnlyAndDeduplicatesColliders" fullname="SurvivorFarm.Tests.CombatFeelTests.SwordSweepHitsFacingArcOnlyAndDeduplicatesColliders" methodname="SwordSweepHitsFacingArcOnlyAndDeduplicatesColliders" classname="SurvivorFarm.Tests.CombatFeelTests" runstate="Runnable" seed="1584090698" result="Passed" start-time="2026-09-22 21:53:25Z" end-time="2026-09-22 21:53:25Z" duration="0.003836" asserts="0">
              <properties>
                <property name="retryIteration" value="0" />
                <property name="repeatIteration" value="0" />
              </properties>
            </test-case>
            <test-suite type="ParameterizedMethod" id="1026" name="TimedGatheringCancelsOutsideReachAndOnDisable" fullname="SurvivorFarm.Tests.CombatFeelTests.TimedGatheringCancelsOutsideReachAndOnDisable" classname="SurvivorFarm.Tests.CombatFeelTests" runstate="Runnable" testcasecount="2" result="Passed" start-time="2026-09-22 21:53:25Z" end-time="2026-09-22 21:53:25Z" duration="0.003306" total="2" passed="2" failed="0" inconclusive="0" skipped="0" asserts="0">
              <properties />
              <test-case id="1024" name="TimedGatheringCancelsOutsideReachAndOnDisable(True)" fullname="SurvivorFarm.Tests.CombatFeelTests.TimedGatheringCancelsOutsideReachAndOnDisable(True)" methodname="TimedGatheringCancelsOutsideReachAndOnDisable" classname="SurvivorFarm.Tests.CombatFeelTests" runstate="Runnable" seed="260792247" result="Passed" start-time="2026-09-22 21:53:25Z" end-time="2026-09-22 21:53:25Z" duration="0.001188" asserts="0">
                <properties>
                  <property name="retryIteration" value="0" />
                  <property name="repeatIteration" value="0" />
                </properties>
              </test-case>
              <test-case id="1025" name="TimedGatheringCancelsOutsideReachAndOnDisable(False)" fullname="SurvivorFarm.Tests.CombatFeelTests.TimedGatheringCancelsOutsideReachAndOnDisable(False)" methodname="TimedGatheringCancelsOutsideReachAndOnDisable" classname="SurvivorFarm.Tests.CombatFeelTests" runstate="Runnable" seed="1595138707" result="Passed" start-time="2026-09-22 21:53:25Z" end-time="2026-09-22 21:53:25Z" duration="0.000685" asserts="0">
                <properties>
                  <property name="retryIteration" value="0" />
                  <property name="repeatIteration" value="0" />
                </properties>
              </test-case>
            </test-suite>
            <test-case id="1030" name="ToolUpgradeShortensGatheringWhileImpactsFollowClipCycles" fullname="SurvivorFarm.Tests.CombatFeelTests.ToolUpgradeShortensGatheringWhileImpactsFollowClipCycles" methodname="ToolUpgradeShortensGatheringWhileImpactsFollowClipCycles" classname="SurvivorFarm.Tests.CombatFeelTests" runstate="Runnable" seed="1668889244" result="Passed" start-time="2026-09-22 21:53:25Z" end-time="2026-09-22 21:53:25Z" duration="0.003514" asserts="0">
              <properties>
                <property name="retryIteration" value="0" />
                <property name="repeatIteration" value="0" />
              </properties>
            </test-case>
            <test-suite type="ParameterizedMethod" id="1035" name="WarningMatchesImpactRadiusAndResetClearsLeapPose" fullname="SurvivorFarm.Tests.CombatFeelTests.WarningMatchesImpactRadiusAndResetClearsLeapPose" classname="SurvivorFarm.Tests.CombatFeelTests" runstate="Runnable" testcasecount="2" result="Passed" start-time="2026-09-22 21:53:25Z" end-time="2026-09-22 21:53:25Z" duration="0.015201" total="2" passed="2" failed="0" inconclusive="0" skipped="0" asserts="0">
              <properties />
              <test-case id="1033" name="WarningMatchesImpactRadiusAndResetClearsLeapPose(True,1.7f)" fullname="SurvivorFarm.Tests.CombatFeelTests.WarningMatchesImpactRadiusAndResetClearsLeapPose(True,1.7f)" methodname="WarningMatchesImpactRadiusAndResetClearsLeapPose" classname="SurvivorFarm.Tests.CombatFeelTests" runstate="Runnable" seed="949445952" result="Passed" start-time="2026-09-22 21:53:25Z" end-time="2026-09-22 21:53:25Z" duration="0.002934" asserts="0">
                <properties>
                  <property name="retryIteration" value="0" />
                  <property name="repeatIteration" value="0" />
                </properties>
              </test-case>
              <test-case id="1034" name="WarningMatchesImpactRadiusAndResetClearsLeapPose(False,1.1f)" fullname="SurvivorFarm.Tests.CombatFeelTests.WarningMatchesImpactRadiusAndResetClearsLeapPose(False,1.1f)" methodname="WarningMatchesImpactRadiusAndResetClearsLeapPose" classname="SurvivorFarm.Tests.CombatFeelTests" runstate="Runnable" seed="1322225417" result="Passed" start-time="2026-09-22 21:53:25Z" end-time="2026-09-22 21:53:25Z" duration="0.001290" asserts="0">
                <properties>
                  <property name="retryIteration" value="0" />
                  <property name="repeatIteration" value="0" />
                </properties>
              </test-case>
            </test-suite>
          </test-suite>
          <test-suite type="TestFixture" id="1036" name="CombatFxCallbackTests" fullname="SurvivorFarm.Tests.CombatFxCallbackTests" classname="SurvivorFarm.Tests.CombatFxCallbackTests" runstate="Runnable" testcasecount="1" result="Passed" start-time="2026-09-22 21:53:25Z" end-time="2026-09-22 21:53:26Z" duration="0.729454" total="1" passed="1" failed="0" inconclusive="0" skipped="0" asserts="0">
            <properties />
            <test-case id="1037" name="FirstImpactFromEngineUpdateCreatesItsRendererAndCleansUp" fullname="SurvivorFarm.Tests.CombatFxCallbackTests.FirstImpactFromEngineUpdateCreatesItsRendererAndCleansUp" methodname="FirstImpactFromEngineUpdateCreatesItsRendererAndCleansUp" classname="SurvivorFarm.Tests.CombatFxCallbackTests" runstate="Runnable" seed="53243774" result="Passed" start-time="2026-09-22 21:53:25Z" end-time="2026-09-22 21:53:26Z" duration="0.716984" asserts="0">
              <properties>
                <property name="_JOINTYPE" value="UnityCombinatorial" />
                <property name="retryIteration" value="0" />
                <property name="repeatIteration" value="0" />
              </properties>
            </test-case>
          </test-suite>
          <test-suite type="TestFixture" id="1038" name="CombatFxTests" fullname="SurvivorFarm.Tests.CombatFxTests" classname="SurvivorFarm.Tests.CombatFxTests" runstate="Runnable" testcasecount="5" result="Passed" start-time="2026-09-22 21:53:26Z" end-time="2026-09-22 21:53:27Z" duration="0.499366" total="5" passed="5" failed="0" inconclusive="0" skipped="0" asserts="0">
            <properties />
            <test-case id="1040" name="AuthoredSweepAdvancesAndFinishesDuringPause" fullname="SurvivorFarm.Tests.CombatFxTests.AuthoredSweepAdvancesAndFinishesDuringPause" methodname="AuthoredSweepAdvancesAndFinishesDuringPause" classname="SurvivorFarm.Tests.CombatFxTests" runstate="Runnable" seed="1497625689" result="Passed" start-time="2026-09-22 21:53:26Z" end-time="2026-09-22 21:53:26Z" duration="0.433459" asserts="0">
              <properties>
                <property name="_JOINTYPE" value="UnityCombinatorial" />
                <property name="retryIteration" value="0" />
                <property name="repeatIteration" value="0" />
              </properties>
            </test-case>
            <test-case id="1041" name="CancellingChargeClearsItsAuthoredVisual" fullname="SurvivorFarm.Tests.CombatFxTests.CancellingChargeClearsItsAuthoredVisual" methodname="CancellingChargeClearsItsAuthoredVisual" classname="SurvivorFarm.Tests.CombatFxTests" runstate="Runnable" seed="1213690288" result="Passed" start-time="2026-09-22 21:53:26Z" end-time="2026-09-22 21:53:26Z" duration="0.001165" asserts="0">
              <properties>
                <property name="retryIteration" value="0" />
                <property name="repeatIteration" value="0" />
              </properties>
            </test-case>
            <test-case id="1039" name="NormalHeavyAndChargedSweepsUseDistinctAuthoredArt" fullname="SurvivorFarm.Tests.CombatFxTests.NormalHeavyAndChargedSweepsUseDistinctAuthoredArt" methodname="NormalHeavyAndChargedSweepsUseDistinctAuthoredArt" classname="SurvivorFarm.Tests.CombatFxTests" runstate="Runnable" seed="999448816" result="Passed" start-time="2026-09-22 21:53:26Z" end-time="2026-09-22 21:53:26Z" duration="0.002835" asserts="0">
              <properties>
                <property name="retryIteration" value="0" />
                <property name="repeatIteration" value="0" />
              </properties>
            </test-case>
            <test-case id="1043" name="OneWallHitCreatesOneMaterialSpecificImpact" fullname="SurvivorFarm.Tests.CombatFxTests.OneWallHitCreatesOneMaterialSpecificImpact" methodname="OneWallHitCreatesOneMaterialSpecificImpact" classname="SurvivorFarm.Tests.CombatFxTests" runstate="Runnable" seed="8203901" result="Passed" start-time="2026-09-22 21:53:26Z" end-time="2026-09-22 21:53:26Z" duration="0.001001" asserts="0">
              <properties>
                <property name="retryIteration" value="0" />
                <property name="repeatIteration" value="0" />
              </properties>
            </test-case>
            <test-case id="1042" name="SurfaceImpactsUseSpritesAndRespectTheEffectsOption" fullname="SurvivorFarm.Tests.CombatFxTests.SurfaceImpactsUseSpritesAndRespectTheEffectsOption" methodname="SurfaceImpactsUseSpritesAndRespectTheEffectsOption" classname="SurvivorFarm.Tests.CombatFxTests" runstate="Runnable" seed="1552186470" result="Passed" start-time="2026-09-22 21:53:26Z" end-time="2026-09-22 21:53:27Z" duration="0.044534" asserts="0">
              <properties>
                <property name="_JOINTYPE" value="UnityCombinatorial" />
                <property name="retryIteration" value="0" />
                <property name="repeatIteration" value="0" />
              </properties>
            </test-case>
          </test-suite>
          <test-suite type="TestFixture" id="1052" name="CombatJuiceIntegrationTests" fullname="SurvivorFarm.Tests.CombatJuiceIntegrationTests" classname="SurvivorFarm.Tests.CombatJuiceIntegrationTests" runstate="Runnable" testcasecount="6" result="Passed" start-time="2026-09-22 21:53:27Z" end-time="2026-09-22 21:53:55Z" duration="28.413554" total="6" passed="6" failed="0" inconclusive="0" skipped="0" asserts="0">
            <properties />
            <test-case id="1058" name="ArchersDeliverRealProjectilesToCiviliansAndHouses" fullname="SurvivorFarm.Tests.CombatJuiceIntegrationTests.ArchersDeliverRealProjectilesToCiviliansAndHouses" methodname="ArchersDeliverRealProjectilesToCiviliansAndHouses" classname="SurvivorFarm.Tests.CombatJuiceIntegrationTests" runstate="Runnable" seed="1057993724" result="Passed" start-time="2026-09-22 21:53:27Z" end-time="2026-09-22 21:53:33Z" duration="6.029639" asserts="0">
              <properties>
                <property name="_JOINTYPE" value="UnityCombinatorial" />
                <property name="retryIteration" value="0" />
                <property name="repeatIteration" value="0" />
              </properties>
              <output><![CDATA[Survivor Farm started.
]]></output>
            </test-case>
            <test-case id="1055" name="GuidedPracticeRequiresMovementAndComboThenDefersChargeUntilTierTwo" fullname="SurvivorFarm.Tests.CombatJuiceIntegrationTests.GuidedPracticeRequiresMovementAndComboThenDefersChargeUntilTierTwo" methodname="GuidedPracticeRequiresMovementAndComboThenDefersChargeUntilTierTwo" classname="SurvivorFarm.Tests.CombatJuiceIntegrationTests" runstate="Runnable" seed="53620014" result="Passed" start-time="2026-09-22 21:53:33Z" end-time="2026-09-22 21:53:41Z" duration="8.049349" asserts="0">
              <properties>
                <property name="_JOINTYPE" value="UnityCombinatorial" />
                <property name="retryIteration" value="0" />
                <property name="repeatIteration" value="0" />
              </properties>
              <output><![CDATA[Survivor Farm started.
]]></output>
            </test-case>
            <test-case id="1054" name="HoverUsesCanopyAndHarvestHasAWorldClockInsteadOfTextBars" fullname="SurvivorFarm.Tests.CombatJuiceIntegrationTests.HoverUsesCanopyAndHarvestHasAWorldClockInsteadOfTextBars" methodname="HoverUsesCanopyAndHarvestHasAWorldClockInsteadOfTextBars" classname="SurvivorFarm.Tests.CombatJuiceIntegrationTests" runstate="Runnable" seed="1884845916" result="Passed" start-time="2026-09-22 21:53:41Z" end-time="2026-09-22 21:53:44Z" duration="3.505643" asserts="0">
              <properties>
                <property name="_JOINTYPE" value="UnityCombinatorial" />
                <property name="retryIteration" value="0" />
                <property name="repeatIteration" value="0" />
              </properties>
              <output><![CDATA[Survivor Farm started.
]]></output>
            </test-case>
            <test-case id="1053" name="InteractionVolumesDoNotRejectFurnitureButSolidBodiesDo" fullname="SurvivorFarm.Tests.CombatJuiceIntegrationTests.InteractionVolumesDoNotRejectFurnitureButSolidBodiesDo" methodname="InteractionVolumesDoNotRejectFurnitureButSolidBodiesDo" classname="SurvivorFarm.Tests.CombatJuiceIntegrationTests" runstate="Runnable" seed="1899151822" result="Passed" start-time="2026-09-22 21:53:44Z" end-time="2026-09-22 21:53:48Z" duration="3.404586" asserts="0">
              <properties>
                <property name="_JOINTYPE" value="UnityCombinatorial" />
                <property name="retryIteration" value="0" />
                <property name="repeatIteration" value="0" />
              </properties>
              <output><![CDATA[Survivor Farm started.
]]></output>
            </test-case>
            <test-case id="1057" name="RaiderRetargetsAfterCivilianDeathToAnIntactHouse" fullname="SurvivorFarm.Tests.CombatJuiceIntegrationTests.RaiderRetargetsAfterCivilianDeathToAnIntactHouse" methodname="RaiderRetargetsAfterCivilianDeathToAnIntactHouse" classname="SurvivorFarm.Tests.CombatJuiceIntegrationTests" runstate="Runnable" seed="116472446" result="Passed" start-time="2026-09-22 21:53:48Z" end-time="2026-09-22 21:53:52Z" duration="4.069797" asserts="0">
              <properties>
                <property name="_JOINTYPE" value="UnityCombinatorial" />
                <property name="retryIteration" value="0" />
                <property name="repeatIteration" value="0" />
              </properties>
              <output><![CDATA[Survivor Farm started.
]]></output>
            </test-case>
            <test-case id="1056" name="SprintModifierAcceptsEitherShiftKey" fullname="SurvivorFarm.Tests.CombatJuiceIntegrationTests.SprintModifierAcceptsEitherShiftKey" methodname="SprintModifierAcceptsEitherShiftKey" classname="SurvivorFarm.Tests.CombatJuiceIntegrationTests" runstate="Runnable" seed="1678807051" result="Passed" start-time="2026-09-22 21:53:52Z" end-time="2026-09-22 21:53:55Z" duration="3.336979" asserts="0">
              <properties>
                <property name="retryIteration" value="0" />
                <property name="repeatIteration" value="0" />
              </properties>
              <output><![CDATA[Survivor Farm started.
]]></output>
            </test-case>
          </test-suite>
          <test-suite type="TestFixture" id="1044" name="CombatJuiceTests" fullname="SurvivorFarm.Tests.CombatJuiceTests" classname="SurvivorFarm.Tests.CombatJuiceTests" runstate="Runnable" testcasecount="7" result="Passed" start-time="2026-09-22 21:53:55Z" end-time="2026-09-22 21:53:59Z" duration="4.074603" total="7" passed="7" failed="0" inconclusive="0" skipped="0" asserts="0">
            <properties />
            <test-case id="1047" name="AShortClickIsOneNormalComboAttack" fullname="SurvivorFarm.Tests.CombatJuiceTests.AShortClickIsOneNormalComboAttack" methodname="AShortClickIsOneNormalComboAttack" classname="SurvivorFarm.Tests.CombatJuiceTests" runstate="Runnable" seed="1754255148" result="Passed" start-time="2026-09-22 21:53:55Z" end-time="2026-09-22 21:53:56Z" duration="0.799587" asserts="0">
              <properties>
                <property name="_JOINTYPE" value="UnityCombinatorial" />
                <property name="retryIteration" value="0" />
                <property name="repeatIteration" value="0" />
              </properties>
              <output><![CDATA[There are no audio listeners in the scene. Please ensure there is always one audio listener in the scene
Receiver recibio 2 de dano.
]]></output>
            </test-case>
            <test-case id="1049" name="ChargedKnockbackCannotCrossSolidCover" fullname="SurvivorFarm.Tests.CombatJuiceTests.ChargedKnockbackCannotCrossSolidCover" methodname="ChargedKnockbackCannotCrossSolidCover" classname="SurvivorFarm.Tests.CombatJuiceTests" runstate="Runnable" seed="1536473914" result="Passed" start-time="2026-09-22 21:53:56Z" end-time="2026-09-22 21:53:57Z" duration="0.799796" asserts="0">
              <properties>
                <property name="_JOINTYPE" value="UnityCombinatorial" />
                <property name="retryIteration" value="0" />
                <property name="repeatIteration" value="0" />
              </properties>
              <output><![CDATA[There are no audio listeners in the scene. Please ensure there is always one audio listener in the scene
Receiver recibio 1 de dano.
]]></output>
            </test-case>
            <test-case id="1046" name="ChargedReleaseHitsOnceAtItsAnimationFrameAndPushesFurther" fullname="SurvivorFarm.Tests.CombatJuiceTests.ChargedReleaseHitsOnceAtItsAnimationFrameAndPushesFurther" methodname="ChargedReleaseHitsOnceAtItsAnimationFrameAndPushesFurther" classname="SurvivorFarm.Tests.CombatJuiceTests" runstate="Runnable" seed="590168861" result="Passed" start-time="2026-09-22 21:53:57Z" end-time="2026-09-22 21:53:59Z" duration="2.066878" asserts="0">
              <properties>
                <property name="_JOINTYPE" value="UnityCombinatorial" />
                <property name="retryIteration" value="0" />
                <property name="repeatIteration" value="0" />
              </properties>
              <output><![CDATA[There are no audio listeners in the scene. Please ensure there is always one audio listener in the scene
Receiver recibio 8 de dano.
]]></output>
            </test-case>
            <test-case id="1048" name="DamageAnimationAndPauseCancelAChargeWithoutReleasingIt" fullname="SurvivorFarm.Tests.CombatJuiceTests.DamageAnimationAndPauseCancelAChargeWithoutReleasingIt" methodname="DamageAnimationAndPauseCancelAChargeWithoutReleasingIt" classname="SurvivorFarm.Tests.CombatJuiceTests" runstate="Runnable" seed="1627011395" result="Passed" start-time="2026-09-22 21:53:59Z" end-time="2026-09-22 21:53:59Z" duration="0.399891" asserts="0">
              <properties>
                <property name="_JOINTYPE" value="UnityCombinatorial" />
                <property name="retryIteration" value="0" />
                <property name="repeatIteration" value="0" />
              </properties>
              <output><![CDATA[There are no audio listeners in the scene. Please ensure there is always one audio listener in the scene
]]></output>
            </test-case>
            <test-case id="1051" name="FallbackAssignmentsAreStableAndEvenlySplit" fullname="SurvivorFarm.Tests.CombatJuiceTests.FallbackAssignmentsAreStableAndEvenlySplit" methodname="FallbackAssignmentsAreStableAndEvenlySplit" classname="SurvivorFarm.Tests.CombatJuiceTests" runstate="Runnable" seed="1182539068" result="Passed" start-time="2026-09-22 21:53:59Z" end-time="2026-09-22 21:53:59Z" duration="0.001136" asserts="0">
              <properties>
                <property name="retryIteration" value="0" />
                <property name="repeatIteration" value="0" />
              </properties>
            </test-case>
            <test-case id="1045" name="HoldStateSeparatesTapPartialAndFullRelease" fullname="SurvivorFarm.Tests.CombatJuiceTests.HoldStateSeparatesTapPartialAndFullRelease" methodname="HoldStateSeparatesTapPartialAndFullRelease" classname="SurvivorFarm.Tests.CombatJuiceTests" runstate="Runnable" seed="1427938462" result="Passed" start-time="2026-09-22 21:53:59Z" end-time="2026-09-22 21:53:59Z" duration="0.001123" asserts="0">
              <properties>
                <property name="retryIteration" value="0" />
                <property name="repeatIteration" value="0" />
              </properties>
            </test-case>
            <test-case id="1050" name="OpenGapPreventsBreachingButAClosedEnclosureAllowsIt" fullname="SurvivorFarm.Tests.CombatJuiceTests.OpenGapPreventsBreachingButAClosedEnclosureAllowsIt" methodname="OpenGapPreventsBreachingButAClosedEnclosureAllowsIt" classname="SurvivorFarm.Tests.CombatJuiceTests" runstate="Runnable" seed="64342347" result="Passed" start-time="2026-09-22 21:53:59Z" end-time="2026-09-22 21:53:59Z" duration="0.002971" asserts="0">
              <properties>
                <property name="retryIteration" value="0" />
                <property name="repeatIteration" value="0" />
              </properties>
            </test-case>
          </test-suite>
          <test-suite type="TestFixture" id="1059" name="CombatLootTests" fullname="SurvivorFarm.Tests.CombatLootTests" classname="SurvivorFarm.Tests.CombatLootTests" runstate="Runnable" testcasecount="8" result="Passed" start-time="2026-09-22 21:53:59Z" end-time="2026-09-22 21:54:01Z" duration="2.486137" total="8" passed="8" failed="0" inconclusive="0" skipped="0" asserts="0">
            <properties />
            <test-case id="1067" name="BrokenCrateDropsExperienceThatAdvancesCombatMastery" fullname="SurvivorFarm.Tests.CombatLootTests.BrokenCrateDropsExperienceThatAdvancesCombatMastery" methodname="BrokenCrateDropsExperienceThatAdvancesCombatMastery" classname="SurvivorFarm.Tests.CombatLootTests" runstate="Runnable" seed="2073412275" result="Passed" start-time="2026-09-22 21:53:59Z" end-time="2026-09-22 21:54:00Z" duration="0.749881" asserts="0">
              <properties>
                <property name="_JOINTYPE" value="UnityCombinatorial" />
                <property name="retryIteration" value="0" />
                <property name="repeatIteration" value="0" />
              </properties>
              <output><![CDATA[There are no audio listeners in the scene. Please ensure there is always one audio listener in the scene
]]></output>
            </test-case>
            <test-case id="1066" name="ChestScattersDifferentIconsWithoutGrantingUntilCollected" fullname="SurvivorFarm.Tests.CombatLootTests.ChestScattersDifferentIconsWithoutGrantingUntilCollected" methodname="ChestScattersDifferentIconsWithoutGrantingUntilCollected" classname="SurvivorFarm.Tests.CombatLootTests" runstate="Runnable" seed="774656057" result="Passed" start-time="2026-09-22 21:54:00Z" end-time="2026-09-22 21:54:01Z" duration="0.766878" asserts="0">
              <properties>
                <property name="_JOINTYPE" value="UnityCombinatorial" />
                <property name="retryIteration" value="0" />
                <property name="repeatIteration" value="0" />
              </properties>
              <output><![CDATA[There are no audio listeners in the scene. Please ensure there is always one audio listener in the scene
]]></output>
            </test-case>
            <test-case id="1060" name="DefeatDropsOneVisibleRewardAndPickupPaysOnlyAfterLandingOnce" fullname="SurvivorFarm.Tests.CombatLootTests.DefeatDropsOneVisibleRewardAndPickupPaysOnlyAfterLandingOnce" methodname="DefeatDropsOneVisibleRewardAndPickupPaysOnlyAfterLandingOnce" classname="SurvivorFarm.Tests.CombatLootTests" runstate="Runnable" seed="1834116576" result="Passed" start-time="2026-09-22 21:54:01Z" end-time="2026-09-22 21:54:01Z" duration="0.766328" asserts="0">
              <properties>
                <property name="_JOINTYPE" value="UnityCombinatorial" />
                <property name="retryIteration" value="0" />
                <property name="repeatIteration" value="0" />
              </properties>
              <output><![CDATA[There are no audio listeners in the scene. Please ensure there is always one audio listener in the scene
Test recibio 10 de dano.
]]></output>
            </test-case>
            <test-case id="1064" name="HiddenDungeonLootKeepsItsRegionForSaving" fullname="SurvivorFarm.Tests.CombatLootTests.HiddenDungeonLootKeepsItsRegionForSaving" methodname="HiddenDungeonLootKeepsItsRegionForSaving" classname="SurvivorFarm.Tests.CombatLootTests" runstate="Runnable" seed="389062247" result="Passed" start-time="2026-09-22 21:54:01Z" end-time="2026-09-22 21:54:01Z" duration="0.001467" asserts="0">
              <properties>
                <property name="retryIteration" value="0" />
                <property name="repeatIteration" value="0" />
              </properties>
            </test-case>
            <test-case id="1061" name="HitFlashesAndKnockbackCannotCrossWall" fullname="SurvivorFarm.Tests.CombatLootTests.HitFlashesAndKnockbackCannotCrossWall" methodname="HitFlashesAndKnockbackCannotCrossWall" classname="SurvivorFarm.Tests.CombatLootTests" runstate="Runnable" seed="1509065876" result="Passed" start-time="2026-09-22 21:54:01Z" end-time="2026-09-22 21:54:01Z" duration="0.181913" asserts="0">
              <properties>
                <property name="_JOINTYPE" value="UnityCombinatorial" />
                <property name="retryIteration" value="0" />
                <property name="repeatIteration" value="0" />
              </properties>
              <output><![CDATA[There are no audio listeners in the scene. Please ensure there is always one audio listener in the scene
Test recibio 1 de dano.
]]></output>
            </test-case>
            <test-case id="1065" name="LootRollsVaryByArchetypeAndIncludeGemsExperienceAndGold" fullname="SurvivorFarm.Tests.CombatLootTests.LootRollsVaryByArchetypeAndIncludeGemsExperienceAndGold" methodname="LootRollsVaryByArchetypeAndIncludeGemsExperienceAndGold" classname="SurvivorFarm.Tests.CombatLootTests" runstate="Runnable" seed="1117212861" result="Passed" start-time="2026-09-22 21:54:01Z" end-time="2026-09-22 21:54:01Z" duration="0.001062" asserts="0">
              <properties>
                <property name="retryIteration" value="0" />
                <property name="repeatIteration" value="0" />
              </properties>
            </test-case>
            <test-case id="1062" name="ReturningToPoolWithoutDefeatDropsNothing" fullname="SurvivorFarm.Tests.CombatLootTests.ReturningToPoolWithoutDefeatDropsNothing" methodname="ReturningToPoolWithoutDefeatDropsNothing" classname="SurvivorFarm.Tests.CombatLootTests" runstate="Runnable" seed="492869213" result="Passed" start-time="2026-09-22 21:54:01Z" end-time="2026-09-22 21:54:01Z" duration="0.000764" asserts="0">
              <properties>
                <property name="retryIteration" value="0" />
                <property name="repeatIteration" value="0" />
              </properties>
            </test-case>
            <test-case id="1063" name="UncollectedLootSurvivesSaveRoundTrip" fullname="SurvivorFarm.Tests.CombatLootTests.UncollectedLootSurvivesSaveRoundTrip" methodname="UncollectedLootSurvivesSaveRoundTrip" classname="SurvivorFarm.Tests.CombatLootTests" runstate="Runnable" seed="242110133" result="Passed" start-time="2026-09-22 21:54:01Z" end-time="2026-09-22 21:54:01Z" duration="0.006226" asserts="0">
              <properties>
                <property name="retryIteration" value="0" />
                <property name="repeatIteration" value="0" />
              </properties>
            </test-case>
          </test-suite>
          <test-suite type="TestFixture" id="1068" name="CombatPolishTests" fullname="SurvivorFarm.Tests.CombatPolishTests" classname="SurvivorFarm.Tests.CombatPolishTests" runstate="Runnable" testcasecount="13" result="Passed" start-time="2026-09-22 21:54:01Z" end-time="2026-09-22 21:54:08Z" duration="6.108315" total="13" passed="13" failed="0" inconclusive="0" skipped="0" asserts="0">
            <properties />
            <test-case id="1071" name="AnimatedSwordHitsOnContactFrameAndCannotHitTwice" fullname="SurvivorFarm.Tests.CombatPolishTests.AnimatedSwordHitsOnContactFrameAndCannotHitTwice" methodname="AnimatedSwordHitsOnContactFrameAndCannotHitTwice" classname="SurvivorFarm.Tests.CombatPolishTests" runstate="Runnable" seed="229594250" result="Passed" start-time="2026-09-22 21:54:02Z" end-time="2026-09-22 21:54:02Z" duration="0.649748" asserts="0">
              <properties>
                <property name="_JOINTYPE" value="UnityCombinatorial" />
                <property name="retryIteration" value="0" />
                <property name="repeatIteration" value="0" />
              </properties>
              <output><![CDATA[There are no audio listeners in the scene. Please ensure there is always one audio listener in the scene
Elite recibio 1 de dano.
]]></output>
            </test-case>
            <test-case id="1078" name="AudioBankIsBoundedDistinctAndUsesPitchVariation" fullname="SurvivorFarm.Tests.CombatPolishTests.AudioBankIsBoundedDistinctAndUsesPitchVariation" methodname="AudioBankIsBoundedDistinctAndUsesPitchVariation" classname="SurvivorFarm.Tests.CombatPolishTests" runstate="Runnable" seed="582749552" result="Passed" start-time="2026-09-22 21:54:02Z" end-time="2026-09-22 21:54:02Z" duration="0.083513" asserts="0">
              <properties>
                <property name="_JOINTYPE" value="UnityCombinatorial" />
                <property name="retryIteration" value="0" />
                <property name="repeatIteration" value="0" />
              </properties>
              <output><![CDATA[There are no audio listeners in the scene. Please ensure there is always one audio listener in the scene
]]></output>
            </test-case>
            <test-case id="1073" name="BufferedInputContinuesOnceAndPauseClearsIt" fullname="SurvivorFarm.Tests.CombatPolishTests.BufferedInputContinuesOnceAndPauseClearsIt" methodname="BufferedInputContinuesOnceAndPauseClearsIt" classname="SurvivorFarm.Tests.CombatPolishTests" runstate="Runnable" seed="308252333" result="Passed" start-time="2026-09-22 21:54:02Z" end-time="2026-09-22 21:54:03Z" duration="0.549751" asserts="0">
              <properties>
                <property name="_JOINTYPE" value="UnityCombinatorial" />
                <property name="retryIteration" value="0" />
                <property name="repeatIteration" value="0" />
              </properties>
              <output><![CDATA[There are no audio listeners in the scene. Please ensure there is always one audio listener in the scene
]]></output>
            </test-case>
            <test-case id="1077" name="CameraFeedbackReturnsExactlyToBaseWithoutDrift" fullname="SurvivorFarm.Tests.CombatPolishTests.CameraFeedbackReturnsExactlyToBaseWithoutDrift" methodname="CameraFeedbackReturnsExactlyToBaseWithoutDrift" classname="SurvivorFarm.Tests.CombatPolishTests" runstate="Runnable" seed="1335266365" result="Passed" start-time="2026-09-22 21:54:03Z" end-time="2026-09-22 21:54:03Z" duration="0.550414" asserts="0">
              <properties>
                <property name="_JOINTYPE" value="UnityCombinatorial" />
                <property name="retryIteration" value="0" />
                <property name="repeatIteration" value="0" />
              </properties>
              <output><![CDATA[There are no audio listeners in the scene. Please ensure there is always one audio listener in the scene
]]></output>
            </test-case>
            <test-case id="1069" name="ComboDataIsConfiguredAndThirdHitIsStronger" fullname="SurvivorFarm.Tests.CombatPolishTests.ComboDataIsConfiguredAndThirdHitIsStronger" methodname="ComboDataIsConfiguredAndThirdHitIsStronger" classname="SurvivorFarm.Tests.CombatPolishTests" runstate="Runnable" seed="877742638" result="Passed" start-time="2026-09-22 21:54:03Z" end-time="2026-09-22 21:54:03Z" duration="0.001071" asserts="0">
              <properties>
                <property name="retryIteration" value="0" />
                <property name="repeatIteration" value="0" />
              </properties>
            </test-case>
            <test-case id="1081" name="CratesDropOneExperiencePickupAndUseBreakingSound" fullname="SurvivorFarm.Tests.CombatPolishTests.CratesDropOneExperiencePickupAndUseBreakingSound" methodname="CratesDropOneExperiencePickupAndUseBreakingSound" classname="SurvivorFarm.Tests.CombatPolishTests" runstate="Runnable" seed="575678499" result="Passed" start-time="2026-09-22 21:54:03Z" end-time="2026-09-22 21:54:04Z" duration="0.764685" asserts="0">
              <properties>
                <property name="_JOINTYPE" value="UnityCombinatorial" />
                <property name="retryIteration" value="0" />
                <property name="repeatIteration" value="0" />
              </properties>
              <output><![CDATA[There are no audio listeners in the scene. Please ensure there is always one audio listener in the scene
]]></output>
            </test-case>
            <test-case id="1079" name="DebrisIsBoundedAndCleansUpDuringPause" fullname="SurvivorFarm.Tests.CombatPolishTests.DebrisIsBoundedAndCleansUpDuringPause" methodname="DebrisIsBoundedAndCleansUpDuringPause" classname="SurvivorFarm.Tests.CombatPolishTests" runstate="Runnable" seed="1986647392" result="Passed" start-time="2026-09-22 21:54:04Z" end-time="2026-09-22 21:54:05Z" duration="0.651217" asserts="0">
              <properties>
                <property name="_JOINTYPE" value="UnityCombinatorial" />
                <property name="retryIteration" value="0" />
                <property name="repeatIteration" value="0" />
              </properties>
              <output><![CDATA[There are no audio listeners in the scene. Please ensure there is always one audio listener in the scene
]]></output>
            </test-case>
            <test-case id="1076" name="DisablingTimeEffectRestoresPreexistingSpeedAndReducedMotionSkipsIt" fullname="SurvivorFarm.Tests.CombatPolishTests.DisablingTimeEffectRestoresPreexistingSpeedAndReducedMotionSkipsIt" methodname="DisablingTimeEffectRestoresPreexistingSpeedAndReducedMotionSkipsIt" classname="SurvivorFarm.Tests.CombatPolishTests" runstate="Runnable" seed="502110536" result="Passed" start-time="2026-09-22 21:54:05Z" end-time="2026-09-22 21:54:05Z" duration="0.001113" asserts="0">
              <properties>
                <property name="retryIteration" value="0" />
                <property name="repeatIteration" value="0" />
              </properties>
            </test-case>
            <test-case id="1070" name="ExpiredWindowAndWeaponSwitchRestartAtFirstAttack" fullname="SurvivorFarm.Tests.CombatPolishTests.ExpiredWindowAndWeaponSwitchRestartAtFirstAttack" methodname="ExpiredWindowAndWeaponSwitchRestartAtFirstAttack" classname="SurvivorFarm.Tests.CombatPolishTests" runstate="Runnable" seed="2104854692" result="Passed" start-time="2026-09-22 21:54:05Z" end-time="2026-09-22 21:54:05Z" duration="0.000778" asserts="0">
              <properties>
                <property name="retryIteration" value="0" />
                <property name="repeatIteration" value="0" />
              </properties>
            </test-case>
            <test-case id="1072" name="InterruptedWindupDealsNoDamageAndResetsChain" fullname="SurvivorFarm.Tests.CombatPolishTests.InterruptedWindupDealsNoDamageAndResetsChain" methodname="InterruptedWindupDealsNoDamageAndResetsChain" classname="SurvivorFarm.Tests.CombatPolishTests" runstate="Runnable" seed="2071378296" result="Passed" start-time="2026-09-22 21:54:05Z" end-time="2026-09-22 21:54:05Z" duration="0.313497" asserts="0">
              <properties>
                <property name="_JOINTYPE" value="UnityCombinatorial" />
                <property name="retryIteration" value="0" />
                <property name="repeatIteration" value="0" />
              </properties>
              <output><![CDATA[There are no audio listeners in the scene. Please ensure there is always one audio listener in the scene
]]></output>
            </test-case>
            <test-case id="1080" name="PassiveDamageDoesNotFreezeThePlayerButDirectWeaponContactDoes" fullname="SurvivorFarm.Tests.CombatPolishTests.PassiveDamageDoesNotFreezeThePlayerButDirectWeaponContactDoes" methodname="PassiveDamageDoesNotFreezeThePlayerButDirectWeaponContactDoes" classname="SurvivorFarm.Tests.CombatPolishTests" runstate="Runnable" seed="1528190310" result="Passed" start-time="2026-09-22 21:54:05Z" end-time="2026-09-22 21:54:05Z" duration="0.002540" asserts="0">
              <properties>
                <property name="retryIteration" value="0" />
                <property name="repeatIteration" value="0" />
              </properties>
              <output><![CDATA[Elite recibio 1 de dano.
Elite recibio 1 de dano.
]]></output>
            </test-case>
            <test-case id="1075" name="TemporaryTimeEffectRestoresAndCannotUnpauseGame" fullname="SurvivorFarm.Tests.CombatPolishTests.TemporaryTimeEffectRestoresAndCannotUnpauseGame" methodname="TemporaryTimeEffectRestoresAndCannotUnpauseGame" classname="SurvivorFarm.Tests.CombatPolishTests" runstate="Runnable" seed="714625542" result="Passed" start-time="2026-09-22 21:54:05Z" end-time="2026-09-22 21:54:06Z" duration="0.847518" asserts="0">
              <properties>
                <property name="_JOINTYPE" value="UnityCombinatorial" />
                <property name="retryIteration" value="0" />
                <property name="repeatIteration" value="0" />
              </properties>
              <output><![CDATA[There are no audio listeners in the scene. Please ensure there is always one audio listener in the scene
]]></output>
            </test-case>
            <test-case id="1074" name="ThreeActualStrikesDeliverOneOneThreeAndEliteFinisher" fullname="SurvivorFarm.Tests.CombatPolishTests.ThreeActualStrikesDeliverOneOneThreeAndEliteFinisher" methodname="ThreeActualStrikesDeliverOneOneThreeAndEliteFinisher" classname="SurvivorFarm.Tests.CombatPolishTests" runstate="Runnable" seed="1136119679" result="Passed" start-time="2026-09-22 21:54:06Z" end-time="2026-09-22 21:54:08Z" duration="1.682989" asserts="0">
              <properties>
                <property name="_JOINTYPE" value="UnityCombinatorial" />
                <property name="retryIteration" value="0" />
                <property name="repeatIteration" value="0" />
              </properties>
              <output><![CDATA[There are no audio listeners in the scene. Please ensure there is always one audio listener in the scene
Elite recibio 1 de dano.
Elite recibio 1 de dano.
Elite recibio 3 de dano.
]]></output>
            </test-case>
          </test-suite>
          <test-suite type="TestFixture" id="1082" name="CombatSurvivalTests" fullname="SurvivorFarm.Tests.CombatSurvivalTests" classname="SurvivorFarm.Tests.CombatSurvivalTests" runstate="Runnable" testcasecount="2" result="Passed" start-time="2026-09-22 21:54:08Z" end-time="2026-09-22 21:54:08Z" duration="0.083556" total="2" passed="2" failed="0" inconclusive="0" skipped="0" asserts="0">
            <properties />
            <test-case id="1084" name="ArmorReductionAndHealthUpgradeRemainReadableToTheSurvivalLayer" fullname="SurvivorFarm.Tests.CombatSurvivalTests.ArmorReductionAndHealthUpgradeRemainReadableToTheSurvivalLayer" methodname="ArmorReductionAndHealthUpgradeRemainReadableToTheSurvivalLayer" classname="SurvivorFarm.Tests.CombatSurvivalTests" runstate="Runnable" seed="877017931" result="Passed" start-time="2026-09-22 21:54:08Z" end-time="2026-09-22 21:54:08Z" duration="0.002346" asserts="0">
              <properties>
                <property name="retryIteration" value="0" />
                <property name="repeatIteration" value="0" />
              </properties>
            </test-case>
            <test-case id="1083" name="DeathDropsCarriedResourcesAndClearsThePortableState" fullname="SurvivorFarm.Tests.CombatSurvivalTests.DeathDropsCarriedResourcesAndClearsThePortableState" methodname="DeathDropsCarriedResourcesAndClearsThePortableState" classname="SurvivorFarm.Tests.CombatSurvivalTests" runstate="Runnable" seed="845692694" result="Passed" start-time="2026-09-22 21:54:08Z" end-time="2026-09-22 21:54:08Z" duration="0.064717" asserts="0">
              <properties>
                <property name="_JOINTYPE" value="UnityCombinatorial" />
                <property name="retryIteration" value="0" />
                <property name="repeatIteration" value="0" />
              </properties>
              <output><![CDATA[There are no audio listeners in the scene. Please ensure there is always one audio listener in the scene
Has perdido tus recursos. Regresa al lugar de tu caída para recuperarlos.
Te quedaste sin vida.
]]></output>
            </test-case>
          </test-suite>
          <test-suite type="TestFixture" id="1085" name="DayNightCycleTests" fullname="SurvivorFarm.Tests.DayNightCycleTests" classname="SurvivorFarm.Tests.DayNightCycleTests" runstate="Runnable" testcasecount="4" result="Passed" start-time="2026-09-22 21:54:08Z" end-time="2026-09-22 21:54:08Z" duration="0.019038" total="4" passed="4" failed="0" inconclusive="0" skipped="0" asserts="0">
            <properties />
            <test-case id="1087" name="NightAndDawnAreGradualAndMidnightIsContinuous" fullname="SurvivorFarm.Tests.DayNightCycleTests.NightAndDawnAreGradualAndMidnightIsContinuous" methodname="NightAndDawnAreGradualAndMidnightIsContinuous" classname="SurvivorFarm.Tests.DayNightCycleTests" runstate="Runnable" seed="227166592" result="Passed" start-time="2026-09-22 21:54:08Z" end-time="2026-09-22 21:54:08Z" duration="0.000877" asserts="0">
              <properties>
                <property name="retryIteration" value="0" />
                <property name="repeatIteration" value="0" />
              </properties>
            </test-case>
            <test-case id="1089" name="OverlayDoesNotBlockInputAndClearsWhenDisabled" fullname="SurvivorFarm.Tests.DayNightCycleTests.OverlayDoesNotBlockInputAndClearsWhenDisabled" methodname="OverlayDoesNotBlockInputAndClearsWhenDisabled" classname="SurvivorFarm.Tests.DayNightCycleTests" runstate="Runnable" seed="475167993" result="Passed" start-time="2026-09-22 21:54:08Z" end-time="2026-09-22 21:54:08Z" duration="0.000533" asserts="0">
              <properties>
                <property name="retryIteration" value="0" />
                <property name="repeatIteration" value="0" />
              </properties>
            </test-case>
            <test-case id="1088" name="RestoresTimeAndIgnoresInvalidElapsedTime" fullname="SurvivorFarm.Tests.DayNightCycleTests.RestoresTimeAndIgnoresInvalidElapsedTime" methodname="RestoresTimeAndIgnoresInvalidElapsedTime" classname="SurvivorFarm.Tests.DayNightCycleTests" runstate="Runnable" seed="1618373503" result="Passed" start-time="2026-09-22 21:54:08Z" end-time="2026-09-22 21:54:08Z" duration="0.000866" asserts="0">
              <properties>
                <property name="retryIteration" value="0" />
                <property name="repeatIteration" value="0" />
              </properties>
            </test-case>
            <test-case id="1086" name="StartsInDaylightAndWrapsFullCycles" fullname="SurvivorFarm.Tests.DayNightCycleTests.StartsInDaylightAndWrapsFullCycles" methodname="StartsInDaylightAndWrapsFullCycles" classname="SurvivorFarm.Tests.DayNightCycleTests" runstate="Runnable" seed="2055986" result="Passed" start-time="2026-09-22 21:54:08Z" end-time="2026-09-22 21:54:08Z" duration="0.000256" asserts="0">
              <properties>
                <property name="retryIteration" value="0" />
                <property name="repeatIteration" value="0" />
              </properties>
            </test-case>
          </test-suite>
          <test-suite type="TestFixture" id="1090" name="DefenseRetirementTests" fullname="SurvivorFarm.Tests.DefenseRetirementTests" classname="SurvivorFarm.Tests.DefenseRetirementTests" runstate="Runnable" testcasecount="7" result="Passed" start-time="2026-09-22 21:54:08Z" end-time="2026-09-22 21:54:08Z" duration="0.036747" total="7" passed="7" failed="0" inconclusive="0" skipped="0" asserts="0">
            <properties />
            <test-case id="1097" name="LegacySaveDropsDefensesAndPreservesFurnitureAndStoredResources" fullname="SurvivorFarm.Tests.DefenseRetirementTests.LegacySaveDropsDefensesAndPreservesFurnitureAndStoredResources" methodname="LegacySaveDropsDefensesAndPreservesFurnitureAndStoredResources" classname="SurvivorFarm.Tests.DefenseRetirementTests" runstate="Runnable" seed="2068236564" result="Passed" start-time="2026-09-22 21:54:08Z" end-time="2026-09-22 21:54:08Z" duration="0.002541" asserts="0">
              <properties>
                <property name="retryIteration" value="0" />
                <property name="repeatIteration" value="0" />
              </properties>
            </test-case>
            <test-case id="1098" name="RecipeCatalogKeepsCookingEquipmentAndHouseholdUtilities" fullname="SurvivorFarm.Tests.DefenseRetirementTests.RecipeCatalogKeepsCookingEquipmentAndHouseholdUtilities" methodname="RecipeCatalogKeepsCookingEquipmentAndHouseholdUtilities" classname="SurvivorFarm.Tests.DefenseRetirementTests" runstate="Runnable" seed="1353536037" result="Passed" start-time="2026-09-22 21:54:08Z" end-time="2026-09-22 21:54:08Z" duration="0.001436" asserts="0">
              <properties>
                <property name="retryIteration" value="0" />
                <property name="repeatIteration" value="0" />
              </properties>
            </test-case>
            <test-suite type="ParameterizedMethod" id="1096" name="RetiredDefensesCannotBeCraftedPackedOrPlaced" fullname="SurvivorFarm.Tests.DefenseRetirementTests.RetiredDefensesCannotBeCraftedPackedOrPlaced" classname="SurvivorFarm.Tests.DefenseRetirementTests" runstate="Runnable" testcasecount="5" result="Passed" start-time="2026-09-22 21:54:08Z" end-time="2026-09-22 21:54:08Z" duration="0.018881" total="5" passed="5" failed="0" inconclusive="0" skipped="0" asserts="0">
              <properties />
              <test-case id="1091" name="RetiredDefensesCannotBeCraftedPackedOrPlaced(&quot;Fence&quot;)" fullname="SurvivorFarm.Tests.DefenseRetirementTests.RetiredDefensesCannotBeCraftedPackedOrPlaced(&quot;Fence&quot;)" methodname="RetiredDefensesCannotBeCraftedPackedOrPlaced" classname="SurvivorFarm.Tests.DefenseRetirementTests" runstate="Runnable" seed="1356566684" result="Passed" start-time="2026-09-22 21:54:08Z" end-time="2026-09-22 21:54:08Z" duration="0.002556" asserts="0">
                <properties>
                  <property name="retryIteration" value="0" />
                  <property name="repeatIteration" value="0" />
                </properties>
                <output><![CDATA[Pieza desconocida.
]]></output>
              </test-case>
              <test-case id="1092" name="RetiredDefensesCannotBeCraftedPackedOrPlaced(&quot;StoneWall&quot;)" fullname="SurvivorFarm.Tests.DefenseRetirementTests.RetiredDefensesCannotBeCraftedPackedOrPlaced(&quot;StoneWall&quot;)" methodname="RetiredDefensesCannotBeCraftedPackedOrPlaced" classname="SurvivorFarm.Tests.DefenseRetirementTests" runstate="Runnable" seed="128199738" result="Passed" start-time="2026-09-22 21:54:08Z" end-time="2026-09-22 21:54:08Z" duration="0.000962" asserts="0">
                <properties>
                  <property name="retryIteration" value="0" />
                  <property name="repeatIteration" value="0" />
                </properties>
                <output><![CDATA[Pieza desconocida.
]]></output>
              </test-case>
              <test-case id="1093" name="RetiredDefensesCannotBeCraftedPackedOrPlaced(&quot;ReinforcedWall&quot;)" fullname="SurvivorFarm.Tests.DefenseRetirementTests.RetiredDefensesCannotBeCraftedPackedOrPlaced(&quot;ReinforcedWall&quot;)" methodname="RetiredDefensesCannotBeCraftedPackedOrPlaced" classname="SurvivorFarm.Tests.DefenseRetirementTests" runstate="Runnable" seed="1904099176" result="Passed" start-time="2026-09-22 21:54:08Z" end-time="2026-09-22 21:54:08Z" duration="0.000892" asserts="0">
                <properties>
                  <property name="retryIteration" value="0" />
                  <property name="repeatIteration" value="0" />
                </properties>
                <output><![CDATA[Pieza desconocida.
]]></output>
              </test-case>
              <test-case id="1094" name="RetiredDefensesCannotBeCraftedPackedOrPlaced(&quot;Trap&quot;)" fullname="SurvivorFarm.Tests.DefenseRetirementTests.RetiredDefensesCannotBeCraftedPackedOrPlaced(&quot;Trap&quot;)" methodname="RetiredDefensesCannotBeCraftedPackedOrPlaced" classname="SurvivorFarm.Tests.DefenseRetirementTests" runstate="Runnable" seed="1616122077" result="Passed" start-time="2026-09-22 21:54:08Z" end-time="2026-09-22 21:54:08Z" duration="0.000831" asserts="0">
                <properties>
                  <property name="retryIteration" value="0" />
                  <property name="repeatIteration" value="0" />
                </properties>
                <output><![CDATA[Pieza desconocida.
]]></output>
              </test-case>
              <test-case id="1095" name="RetiredDefensesCannotBeCraftedPackedOrPlaced(&quot;Turret&quot;)" fullname="SurvivorFarm.Tests.DefenseRetirementTests.RetiredDefensesCannotBeCraftedPackedOrPlaced(&quot;Turret&quot;)" methodname="RetiredDefensesCannotBeCraftedPackedOrPlaced" classname="SurvivorFarm.Tests.DefenseRetirementTests" runstate="Runnable" seed="275989686" result="Passed" start-time="2026-09-22 21:54:08Z" end-time="2026-09-22 21:54:08Z" duration="0.000842" asserts="0">
                <properties>
                  <property name="retryIteration" value="0" />
                  <property name="repeatIteration" value="0" />
                </properties>
                <output><![CDATA[Pieza desconocida.
]]></output>
              </test-case>
            </test-suite>
          </test-suite>
          <test-suite type="TestFixture" id="1099" name="DungeonExpeditionTests" fullname="SurvivorFarm.Tests.DungeonExpeditionTests" classname="SurvivorFarm.Tests.DungeonExpeditionTests" runstate="Runnable" testcasecount="7" result="Passed" start-time="2026-09-22 21:54:08Z" end-time="2026-09-22 21:54:11Z" duration="3.620247" total="7" passed="7" failed="0" inconclusive="0" skipped="0" asserts="0">
            <properties />
            <test-case id="1105" name="BossAnnouncesFixedImpactAndCanBeDodged" fullname="SurvivorFarm.Tests.DungeonExpeditionTests.BossAnnouncesFixedImpactAndCanBeDodged" methodname="BossAnnouncesFixedImpactAndCanBeDodged" classname="SurvivorFarm.Tests.DungeonExpeditionTests" runstate="Runnable" seed="160930092" result="Passed" start-time="2026-09-22 21:54:08Z" end-time="2026-09-22 21:54:11Z" duration="2.866911" asserts="0">
              <properties>
                <property name="_JOINTYPE" value="UnityCombinatorial" />
                <property name="retryIteration" value="0" />
                <property name="repeatIteration" value="0" />
              </properties>
              <output><![CDATA[There are no audio listeners in the scene. Please ensure there is always one audio listener in the scene
Entraste a la mazmorra.
Ruinas de Raizclara: explora las galerias y encuentra la camara del Custodio.
El Custodio despierta.
Saliste de la mazmorra.
Entraste a la mazmorra.
Ruinas de Raizclara: explora las galerias y encuentra la camara del Custodio.
El Custodio despierta.
]]></output>
            </test-case>
            <test-case id="1106" name="BossCameraFramesActorsAndReturnsToExploration" fullname="SurvivorFarm.Tests.DungeonExpeditionTests.BossCameraFramesActorsAndReturnsToExploration" methodname="BossCameraFramesActorsAndReturnsToExploration" classname="SurvivorFarm.Tests.DungeonExpeditionTests" runstate="Runnable" seed="1181028471" result="Passed" start-time="2026-09-22 21:54:11Z" end-time="2026-09-22 21:54:11Z" duration="0.666513" asserts="0">
              <properties>
                <property name="_JOINTYPE" value="UnityCombinatorial" />
                <property name="retryIteration" value="0" />
                <property name="repeatIteration" value="0" />
              </properties>
              <output><![CDATA[There are no audio listeners in the scene. Please ensure there is always one audio listener in the scene
Entraste a la mazmorra.
Ruinas de Raizclara: explora las galerias y encuentra la camara del Custodio.
El Custodio despierta.
El Custodio recibio 100 de dano.
Gema recuperada. Regresa a la casa para completar la expedición.
Custodio derrotado. El relicario y la salida estan abiertos.
]]></output>
            </test-case>
            <test-case id="1104" name="BossGateAndReliquaryRequireVictoryAndOldPositionsRecover" fullname="SurvivorFarm.Tests.DungeonExpeditionTests.BossGateAndReliquaryRequireVictoryAndOldPositionsRecover" methodname="BossGateAndReliquaryRequireVictoryAndOldPositionsRecover" classname="SurvivorFarm.Tests.DungeonExpeditionTests" runstate="Runnable" seed="1530240600" result="Passed" start-time="2026-09-22 21:54:11Z" end-time="2026-09-22 21:54:11Z" duration="0.021401" asserts="0">
              <properties>
                <property name="retryIteration" value="0" />
                <property name="repeatIteration" value="0" />
              </properties>
              <output><![CDATA[Entraste a la mazmorra.
Ruinas de Raizclara: explora las galerias y encuentra la camara del Custodio.
Goblin lancero recibio 100 de dano.
Goblin arquero recibio 100 de dano.
Golem recibio 100 de dano.
Gema recuperada. Regresa a la casa para completar la expedición.
El Custodio despierta.
El Custodio recibio 3 de dano.
El Custodio recibio 100 de dano.
Gema recuperada. Regresa a la casa para completar la expedición.
Custodio derrotado. El relicario y la salida estan abiertos.
Saliste de la mazmorra.
Entraste a la mazmorra.
Ruinas de Raizclara: explora las galerias y encuentra la camara del Custodio.
]]></output>
            </test-case>
            <test-case id="1102" name="DestructibleNeedsMultipleHitsAndGrantsLootOnlyOnce" fullname="SurvivorFarm.Tests.DungeonExpeditionTests.DestructibleNeedsMultipleHitsAndGrantsLootOnlyOnce" methodname="DestructibleNeedsMultipleHitsAndGrantsLootOnlyOnce" classname="SurvivorFarm.Tests.DungeonExpeditionTests" runstate="Runnable" seed="2013544272" result="Passed" start-time="2026-09-22 21:54:11Z" end-time="2026-09-22 21:54:11Z" duration="0.012078" asserts="0">
              <properties>
                <property name="retryIteration" value="0" />
                <property name="repeatIteration" value="0" />
              </properties>
              <output><![CDATA[Entraste a la mazmorra.
Ruinas de Raizclara: explora las galerias y encuentra la camara del Custodio.
]]></output>
            </test-case>
            <test-case id="1103" name="GuardDeathsPersistAndOtherRoomsDoNotAggroTogether" fullname="SurvivorFarm.Tests.DungeonExpeditionTests.GuardDeathsPersistAndOtherRoomsDoNotAggroTogether" methodname="GuardDeathsPersistAndOtherRoomsDoNotAggroTogether" classname="SurvivorFarm.Tests.DungeonExpeditionTests" runstate="Runnable" seed="517206104" result="Passed" start-time="2026-09-22 21:54:11Z" end-time="2026-09-22 21:54:11Z" duration="0.014142" asserts="0">
              <properties>
                <property name="retryIteration" value="0" />
                <property name="repeatIteration" value="0" />
              </properties>
              <output><![CDATA[Entraste a la mazmorra.
Ruinas de Raizclara: explora las galerias y encuentra la camara del Custodio.
Goblin lancero recibio 100 de dano.
Saliste de la mazmorra.
Entraste a la mazmorra.
Ruinas de Raizclara: explora las galerias y encuentra la camara del Custodio.
]]></output>
            </test-case>
            <test-case id="1101" name="InteriorContainsOnlyDungeonObjectsAndBoundedEnemyPool" fullname="SurvivorFarm.Tests.DungeonExpeditionTests.InteriorContainsOnlyDungeonObjectsAndBoundedEnemyPool" methodname="InteriorContainsOnlyDungeonObjectsAndBoundedEnemyPool" classname="SurvivorFarm.Tests.DungeonExpeditionTests" runstate="Runnable" seed="1289189509" result="Passed" start-time="2026-09-22 21:54:11Z" end-time="2026-09-22 21:54:11Z" duration="0.017866" asserts="0">
              <properties>
                <property name="retryIteration" value="0" />
                <property name="repeatIteration" value="0" />
              </properties>
              <output><![CDATA[Entraste a la mazmorra.
Ruinas de Raizclara: explora las galerias y encuentra la camara del Custodio.
Saliste de la mazmorra.
Entraste a la mazmorra.
Ruinas de Raizclara: explora las galerias y encuentra la camara del Custodio.
Saliste de la mazmorra.
Entraste a la mazmorra.
Ruinas de Raizclara: explora las galerias y encuentra la camara del Custodio.
Saliste de la mazmorra.
Entraste a la mazmorra.
Ruinas de Raizclara: explora las galerias y encuentra la camara del Custodio.
]]></output>
            </test-case>
            <test-case id="1100" name="LayoutIsConnectedLargeAndHasExplorationLoop" fullname="SurvivorFarm.Tests.DungeonExpeditionTests.LayoutIsConnectedLargeAndHasExplorationLoop" methodname="LayoutIsConnectedLargeAndHasExplorationLoop" classname="SurvivorFarm.Tests.DungeonExpeditionTests" runstate="Runnable" seed="1829711108" result="Passed" start-time="2026-09-22 21:54:11Z" end-time="2026-09-22 21:54:11Z" duration="0.010601" asserts="0">
              <properties>
                <property name="retryIteration" value="0" />
                <property name="repeatIteration" value="0" />
              </properties>
            </test-case>
          </test-suite>
          <test-suite type="TestFixture" id="1107" name="DungeonPresentationTests" fullname="SurvivorFarm.Tests.DungeonPresentationTests" classname="SurvivorFarm.Tests.DungeonPresentationTests" runstate="Runnable" testcasecount="2" result="Passed" start-time="2026-09-22 21:54:11Z" end-time="2026-09-22 21:54:16Z" duration="4.189182" total="2" passed="2" failed="0" inconclusive="0" skipped="0" asserts="0">
            <properties />
            <test-case id="1109" name="DungeonTimeReachesNightAndSuppliesPersist" fullname="SurvivorFarm.Tests.DungeonPresentationTests.DungeonTimeReachesNightAndSuppliesPersist" methodname="DungeonTimeReachesNightAndSuppliesPersist" classname="SurvivorFarm.Tests.DungeonPresentationTests" runstate="Runnable" seed="364486560" result="Passed" start-time="2026-09-22 21:54:11Z" end-time="2026-09-22 21:54:15Z" duration="3.785087" asserts="0">
              <properties>
                <property name="_JOINTYPE" value="UnityCombinatorial" />
                <property name="retryIteration" value="0" />
                <property name="repeatIteration" value="0" />
              </properties>
              <output><![CDATA[Survivor Farm started.
]]></output>
            </test-case>
            <test-case id="1108" name="ShrineFootprintBlocksMovementAndCandlesAnimate" fullname="SurvivorFarm.Tests.DungeonPresentationTests.ShrineFootprintBlocksMovementAndCandlesAnimate" methodname="ShrineFootprintBlocksMovementAndCandlesAnimate" classname="SurvivorFarm.Tests.DungeonPresentationTests" runstate="Runnable" seed="716023402" result="Passed" start-time="2026-09-22 21:54:15Z" end-time="2026-09-22 21:54:16Z" duration="0.401648" asserts="0">
              <properties>
                <property name="_JOINTYPE" value="UnityCombinatorial" />
                <property name="retryIteration" value="0" />
                <property name="repeatIteration" value="0" />
              </properties>
            </test-case>
          </test-suite>
[...]
              <properties>
                <property name="_JOINTYPE" value="UnityCombinatorial" />
                <property name="retryIteration" value="0" />
                <property name="repeatIteration" value="0" />
              </properties>
              <output><![CDATA[There are no audio listeners in the scene. Please ensure there is always one audio listener in the scene
Target recibio 14 de dano.
Target recibio 14 de dano.
]]></output>
            </test-case>
            <test-case id="1541" name="UnifiedMenuShowsConnectedFiveBranchTreeLiveCombatPreviewAndRoutedUnlock" fullname="SurvivorFarm.Tests.WeaponSkillTests.UnifiedMenuShowsConnectedFiveBranchTreeLiveCombatPreviewAndRoutedUnlock" methodname="UnifiedMenuShowsConnectedFiveBranchTreeLiveCombatPreviewAndRoutedUnlock" classname="SurvivorFarm.Tests.WeaponSkillTests" runstate="Runnable" seed="437019534" result="Passed" start-time="2026-09-22 21:57:28Z" end-time="2026-09-22 21:57:28Z" duration="0.094601" asserts="0">
              <properties>
                <property name="_JOINTYPE" value="UnityCombinatorial" />
                <property name="retryIteration" value="0" />
                <property name="repeatIteration" value="0" />
              </properties>
              <output><![CDATA[There are no audio listeners in the scene. Please ensure there is always one audio listener in the scene
Habilidad desbloqueada: Golpe pesado
]]></output>
            </test-case>
          </test-suite>
          <test-suite type="TestFixture" id="1542" name="WildResourceRegrowthTests" fullname="SurvivorFarm.Tests.WildResourceRegrowthTests" classname="SurvivorFarm.Tests.WildResourceRegrowthTests" runstate="Runnable" testcasecount="7" result="Passed" start-time="2026-09-22 21:57:28Z" end-time="2026-09-22 21:57:28Z" duration="0.056328" total="7" passed="7" failed="0" inconclusive="0" skipped="0" asserts="0">
            <properties />
            <test-case id="1547" name="BlockedSitesRetryWithoutCreatingObjectsOrOverlapping" fullname="SurvivorFarm.Tests.WildResourceRegrowthTests.BlockedSitesRetryWithoutCreatingObjectsOrOverlapping" methodname="BlockedSitesRetryWithoutCreatingObjectsOrOverlapping" classname="SurvivorFarm.Tests.WildResourceRegrowthTests" runstate="Runnable" seed="680389652" result="Passed" start-time="2026-09-22 21:57:28Z" end-time="2026-09-22 21:57:28Z" duration="0.008106" asserts="0">
              <properties>
                <property name="retryIteration" value="0" />
                <property name="repeatIteration" value="0" />
              </properties>
              <output><![CDATA[+2 piedra
]]></output>
            </test-case>
            <test-suite type="ParameterizedMethod" id="1545" name="DepletionWaitsThenRelocatesTheSameSharedResource" fullname="SurvivorFarm.Tests.WildResourceRegrowthTests.DepletionWaitsThenRelocatesTheSameSharedResource" classname="SurvivorFarm.Tests.WildResourceRegrowthTests" runstate="Runnable" testcasecount="2" result="Passed" start-time="2026-09-22 21:57:28Z" end-time="2026-09-22 21:57:28Z" duration="0.024171" total="2" passed="2" failed="0" inconclusive="0" skipped="0" asserts="0">
              <properties />
              <test-case id="1543" name="DepletionWaitsThenRelocatesTheSameSharedResource(True)" fullname="SurvivorFarm.Tests.WildResourceRegrowthTests.DepletionWaitsThenRelocatesTheSameSharedResource(True)" methodname="DepletionWaitsThenRelocatesTheSameSharedResource" classname="SurvivorFarm.Tests.WildResourceRegrowthTests" runstate="Runnable" seed="1631378620" result="Passed" start-time="2026-09-22 21:57:28Z" end-time="2026-09-22 21:57:28Z" duration="0.010896" asserts="0">
                <properties>
                  <property name="retryIteration" value="0" />
                  <property name="repeatIteration" value="0" />
                </properties>
                <output><![CDATA[+2 madera
]]></output>
              </test-case>
              <test-case id="1544" name="DepletionWaitsThenRelocatesTheSameSharedResource(False)" fullname="SurvivorFarm.Tests.WildResourceRegrowthTests.DepletionWaitsThenRelocatesTheSameSharedResource(False)" methodname="DepletionWaitsThenRelocatesTheSameSharedResource" classname="SurvivorFarm.Tests.WildResourceRegrowthTests" runstate="Runnable" seed="1996123120" result="Passed" start-time="2026-09-22 21:57:28Z" end-time="2026-09-22 21:57:28Z" duration="0.005111" asserts="0">
                <properties>
                  <property name="retryIteration" value="0" />
                  <property name="repeatIteration" value="0" />
                </properties>
                <output><![CDATA[+2 piedra
]]></output>
              </test-case>
            </test-suite>
            <test-case id="1550" name="ExistingNearbyResourcesReserveTheirSpaceAndThePoolIsBounded" fullname="SurvivorFarm.Tests.WildResourceRegrowthTests.ExistingNearbyResourcesReserveTheirSpaceAndThePoolIsBounded" methodname="ExistingNearbyResourcesReserveTheirSpaceAndThePoolIsBounded" classname="SurvivorFarm.Tests.WildResourceRegrowthTests" runstate="Runnable" seed="2089939178" result="Passed" start-time="2026-09-22 21:57:28Z" end-time="2026-09-22 21:57:28Z" duration="0.005766" asserts="0">
              <properties>
                <property name="retryIteration" value="0" />
                <property name="repeatIteration" value="0" />
              </properties>
              <output><![CDATA[+2 madera
]]></output>
            </test-case>
            <test-case id="1549" name="OldAndInvalidRegrowthDataKeepTheAuthoredAnchor" fullname="SurvivorFarm.Tests.WildResourceRegrowthTests.OldAndInvalidRegrowthDataKeepTheAuthoredAnchor" methodname="OldAndInvalidRegrowthDataKeepTheAuthoredAnchor" classname="SurvivorFarm.Tests.WildResourceRegrowthTests" runstate="Runnable" seed="362305932" result="Passed" start-time="2026-09-22 21:57:28Z" end-time="2026-09-22 21:57:28Z" duration="0.004593" asserts="0">
              <properties>
                <property name="retryIteration" value="0" />
                <property name="repeatIteration" value="0" />
              </properties>
            </test-case>
            <test-case id="1546" name="RoadsVillageCenterWaterPlayerAndSolidObjectsAreExcluded" fullname="SurvivorFarm.Tests.WildResourceRegrowthTests.RoadsVillageCenterWaterPlayerAndSolidObjectsAreExcluded" methodname="RoadsVillageCenterWaterPlayerAndSolidObjectsAreExcluded" classname="SurvivorFarm.Tests.WildResourceRegrowthTests" runstate="Runnable" seed="1293391356" result="Passed" start-time="2026-09-22 21:57:28Z" end-time="2026-09-22 21:57:28Z" duration="0.004871" asserts="0">
              <properties>
                <property name="retryIteration" value="0" />
                <property name="repeatIteration" value="0" />
              </properties>
            </test-case>
            <test-case id="1548" name="SaveRoundtripPreservesRandomPositionPendingTimerAndStableIdentity" fullname="SurvivorFarm.Tests.WildResourceRegrowthTests.SaveRoundtripPreservesRandomPositionPendingTimerAndStableIdentity" methodname="SaveRoundtripPreservesRandomPositionPendingTimerAndStableIdentity" classname="SurvivorFarm.Tests.WildResourceRegrowthTests" runstate="Runnable" seed="1081143649" result="Passed" start-time="2026-09-22 21:57:28Z" end-time="2026-09-22 21:57:28Z" duration="0.005970" asserts="0">
              <properties>
                <property name="retryIteration" value="0" />
                <property name="repeatIteration" value="0" />
              </properties>
              <output><![CDATA[+2 piedra
]]></output>
            </test-case>
          </test-suite>
          <test-suite type="TestFixture" id="1551" name="WorkshopProgressionTests" fullname="SurvivorFarm.Tests.WorkshopProgressionTests" classname="SurvivorFarm.Tests.WorkshopProgressionTests" runstate="Runnable" testcasecount="2" result="Passed" start-time="2026-09-22 21:57:28Z" end-time="2026-09-22 21:57:29Z" duration="0.054424" total="2" passed="2" failed="0" inconclusive="0" skipped="0" asserts="0">
            <properties />
            <test-case id="1552" name="QuickSlotsKeepFiveAssignmentsAndOnlyAcceptUsableItems" fullname="SurvivorFarm.Tests.WorkshopProgressionTests.QuickSlotsKeepFiveAssignmentsAndOnlyAcceptUsableItems" methodname="QuickSlotsKeepFiveAssignmentsAndOnlyAcceptUsableItems" classname="SurvivorFarm.Tests.WorkshopProgressionTests" runstate="Runnable" seed="239150607" result="Passed" start-time="2026-09-22 21:57:28Z" end-time="2026-09-22 21:57:28Z" duration="0.001204" asserts="0">
              <properties>
                <property name="retryIteration" value="0" />
                <property name="repeatIteration" value="0" />
              </properties>
            </test-case>
            <test-case id="1553" name="UnifiedMenuRoutesWorkshopSkillsEquipmentAndResumesPausedRun" fullname="SurvivorFarm.Tests.WorkshopProgressionTests.UnifiedMenuRoutesWorkshopSkillsEquipmentAndResumesPausedRun" methodname="UnifiedMenuRoutesWorkshopSkillsEquipmentAndResumesPausedRun" classname="SurvivorFarm.Tests.WorkshopProgressionTests" runstate="Runnable" seed="1225611689" result="Passed" start-time="2026-09-22 21:57:28Z" end-time="2026-09-22 21:57:29Z" duration="0.051764" asserts="0">
              <properties>
                <property name="retryIteration" value="0" />
                <property name="repeatIteration" value="0" />
              </properties>
            </test-case>
          </test-suite>
          <test-suite type="TestFixture" id="1554" name="WorldInteractionPolishTests" fullname="SurvivorFarm.Tests.WorldInteractionPolishTests" classname="SurvivorFarm.Tests.WorldInteractionPolishTests" runstate="Runnable" testcasecount="3" result="Passed" start-time="2026-09-22 21:57:29Z" end-time="2026-09-22 21:57:29Z" duration="0.469489" total="3" passed="3" failed="0" inconclusive="0" skipped="0" asserts="0">
            <properties />
            <test-case id="1557" name="CivilianReactsToALocalEnemyAndFindsAnEscapeLaneAroundAWall" fullname="SurvivorFarm.Tests.WorldInteractionPolishTests.CivilianReactsToALocalEnemyAndFindsAnEscapeLaneAroundAWall" methodname="CivilianReactsToALocalEnemyAndFindsAnEscapeLaneAroundAWall" classname="SurvivorFarm.Tests.WorldInteractionPolishTests" runstate="Runnable" seed="894660378" result="Passed" start-time="2026-09-22 21:57:29Z" end-time="2026-09-22 21:57:29Z" duration="0.002819" asserts="0">
              <properties>
                <property name="retryIteration" value="0" />
                <property name="repeatIteration" value="0" />
              </properties>
            </test-case>
            <test-case id="1555" name="PointerSelectsVisibleFrontObjectButIgnoresTransparentPixels" fullname="SurvivorFarm.Tests.WorldInteractionPolishTests.PointerSelectsVisibleFrontObjectButIgnoresTransparentPixels" methodname="PointerSelectsVisibleFrontObjectButIgnoresTransparentPixels" classname="SurvivorFarm.Tests.WorldInteractionPolishTests" runstate="Runnable" seed="1290365392" result="Passed" start-time="2026-09-22 21:57:29Z" end-time="2026-09-22 21:57:29Z" duration="0.000813" asserts="0">
              <properties>
                <property name="retryIteration" value="0" />
                <property name="repeatIteration" value="0" />
              </properties>
            </test-case>
            <test-case id="1556" name="TreeBecomesTransparentBehindPlayerAndRecoversItsOpacity" fullname="SurvivorFarm.Tests.WorldInteractionPolishTests.TreeBecomesTransparentBehindPlayerAndRecoversItsOpacity" methodname="TreeBecomesTransparentBehindPlayerAndRecoversItsOpacity" classname="SurvivorFarm.Tests.WorldInteractionPolishTests" runstate="Runnable" seed="1873342758" result="Passed" start-time="2026-09-22 21:57:29Z" end-time="2026-09-22 21:57:29Z" duration="0.462522" asserts="0">
              <properties>
                <property name="_JOINTYPE" value="UnityCombinatorial" />
                <property name="retryIteration" value="0" />
                <property name="repeatIteration" value="0" />
              </properties>
            </test-case>
          </test-suite>
          <test-suite type="TestFixture" id="1558" name="WorldRenewalTests" fullname="SurvivorFarm.Tests.WorldRenewalTests" classname="SurvivorFarm.Tests.WorldRenewalTests" runstate="Runnable" testcasecount="9" result="Passed" start-time="2026-09-22 21:57:29Z" end-time="2026-09-22 21:58:20Z" duration="50.886526" total="9" passed="9" failed="0" inconclusive="0" skipped="0" asserts="0">
            <properties />
            <test-case id="1567" name="BruteReallyDamagesHouseAndRetargetsAfterDestruction" fullname="SurvivorFarm.Tests.WorldRenewalTests.BruteReallyDamagesHouseAndRetargetsAfterDestruction" methodname="BruteReallyDamagesHouseAndRetargetsAfterDestruction" classname="SurvivorFarm.Tests.WorldRenewalTests" runstate="Runnable" seed="71492114" result="Passed" start-time="2026-09-22 21:57:29Z" end-time="2026-09-22 21:57:35Z" duration="5.979049" asserts="0">
              <properties>
                <property name="_JOINTYPE" value="UnityCombinatorial" />
                <property name="retryIteration" value="0" />
                <property name="repeatIteration" value="0" />
              </properties>
              <output><![CDATA[Survivor Farm started.
]]></output>
            </test-case>
            <test-case id="1566" name="DashCannotCrossSolidTreeTrunk" fullname="SurvivorFarm.Tests.WorldRenewalTests.DashCannotCrossSolidTreeTrunk" methodname="DashCannotCrossSolidTreeTrunk" classname="SurvivorFarm.Tests.WorldRenewalTests" runstate="Runnable" seed="1372047449" result="Passed" start-time="2026-09-22 21:57:35Z" end-time="2026-09-22 21:57:39Z" duration="4.396449" asserts="0">
              <properties>
                <property name="_JOINTYPE" value="UnityCombinatorial" />
                <property name="retryIteration" value="0" />
                <property name="repeatIteration" value="0" />
              </properties>
              <output><![CDATA[Survivor Farm started.
]]></output>
            </test-case>
            <test-case id="1565" name="DestroyedMovingPieceCannotBeResurrected" fullname="SurvivorFarm.Tests.WorldRenewalTests.DestroyedMovingPieceCannotBeResurrected" methodname="DestroyedMovingPieceCannotBeResurrected" classname="SurvivorFarm.Tests.WorldRenewalTests" runstate="Runnable" seed="1610289349" result="Passed" start-time="2026-09-22 21:57:39Z" end-time="2026-09-22 21:57:43Z" duration="4.080669" asserts="0">
              <properties>
                <property name="_JOINTYPE" value="UnityCombinatorial" />
                <property name="retryIteration" value="0" />
                <property name="repeatIteration" value="0" />
              </properties>
              <output><![CDATA[Survivor Farm started.
]]></output>
            </test-case>
            <test-case id="1562" name="FloraPaysOnceAndPersistsWithTheHouseDamage" fullname="SurvivorFarm.Tests.WorldRenewalTests.FloraPaysOnceAndPersistsWithTheHouseDamage" methodname="FloraPaysOnceAndPersistsWithTheHouseDamage" classname="SurvivorFarm.Tests.WorldRenewalTests" runstate="Runnable" seed="1182102724" result="Passed" start-time="2026-09-22 21:57:43Z" end-time="2026-09-22 21:57:48Z" duration="4.293213" asserts="0">
              <properties>
                <property name="_JOINTYPE" value="UnityCombinatorial" />
                <property name="retryIteration" value="0" />
                <property name="repeatIteration" value="0" />
              </properties>
              <output><![CDATA[Survivor Farm started.
]]></output>
            </test-case>
            <test-case id="1564" name="GrassBanksAndNativeCookingAnimationSurviveSaveLoad" fullname="SurvivorFarm.Tests.WorldRenewalTests.GrassBanksAndNativeCookingAnimationSurviveSaveLoad" methodname="GrassBanksAndNativeCookingAnimationSurviveSaveLoad" classname="SurvivorFarm.Tests.WorldRenewalTests" runstate="Runnable" seed="1809875443" result="Passed" start-time="2026-09-22 21:57:48Z" end-time="2026-09-22 21:57:52Z" duration="4.277082" asserts="0">
              <properties>
                <property name="_JOINTYPE" value="UnityCombinatorial" />
                <property name="retryIteration" value="0" />
                <property name="repeatIteration" value="0" />
              </properties>
              <output><![CDATA[Survivor Farm started.
]]></output>
            </test-case>
            <test-case id="1559" name="MenuHasSeparateHomeOptionsAndSaveBrowser" fullname="SurvivorFarm.Tests.WorldRenewalTests.MenuHasSeparateHomeOptionsAndSaveBrowser" methodname="MenuHasSeparateHomeOptionsAndSaveBrowser" classname="SurvivorFarm.Tests.WorldRenewalTests" runstate="Runnable" seed="314234716" result="Passed" start-time="2026-09-22 21:57:52Z" end-time="2026-09-22 21:58:04Z" duration="12.149294" asserts="0">
              <properties>
                <property name="_JOINTYPE" value="UnityCombinatorial" />
                <property name="retryIteration" value="0" />
                <property name="repeatIteration" value="0" />
              </properties>
              <output><![CDATA[Survivor Farm started.
]]></output>
            </test-case>
            <test-case id="1563" name="MoveAttachesPreviewAndCancelRestoresThenDemolitionRefundsOnlyPaidCosts" fullname="SurvivorFarm.Tests.WorldRenewalTests.MoveAttachesPreviewAndCancelRestoresThenDemolitionRefundsOnlyPaidCosts" methodname="MoveAttachesPreviewAndCancelRestoresThenDemolitionRefundsOnlyPaidCosts" classname="SurvivorFarm.Tests.WorldRenewalTests" runstate="Runnable" seed="309485955" result="Passed" start-time="2026-09-22 21:58:04Z" end-time="2026-09-22 21:58:09Z" duration="4.364428" asserts="0">
              <properties>
                <property name="_JOINTYPE" value="UnityCombinatorial" />
                <property name="retryIteration" value="0" />
                <property name="repeatIteration" value="0" />
              </properties>
              <output><![CDATA[Survivor Farm started.
]]></output>
            </test-case>
            <test-case id="1561" name="NoFreeCatAndPurchaseRequiresDayAndAllMaterials" fullname="SurvivorFarm.Tests.WorldRenewalTests.NoFreeCatAndPurchaseRequiresDayAndAllMaterials" methodname="NoFreeCatAndPurchaseRequiresDayAndAllMaterials" classname="SurvivorFarm.Tests.WorldRenewalTests" runstate="Runnable" seed="1069065682" result="Passed" start-time="2026-09-22 21:58:09Z" end-time="2026-09-22 21:58:13Z" duration="4.187362" asserts="0">
              <properties>
                <property name="_JOINTYPE" value="UnityCombinatorial" />
                <property name="retryIteration" value="0" />
                <property name="repeatIteration" value="0" />
              </properties>
              <output><![CDATA[Survivor Farm started.
]]></output>
            </test-case>
            <test-case id="1560" name="TreesHaveSingleGroundedVisualSolidTrunksAndTiersIncludingVillageProps" fullname="SurvivorFarm.Tests.WorldRenewalTests.TreesHaveSingleGroundedVisualSolidTrunksAndTiersIncludingVillageProps" methodname="TreesHaveSingleGroundedVisualSolidTrunksAndTiersIncludingVillageProps" classname="SurvivorFarm.Tests.WorldRenewalTests" runstate="Runnable" seed="929350968" result="Passed" start-time="2026-09-22 21:58:13Z" end-time="2026-09-22 21:58:20Z" duration="7.141131" asserts="0">
              <properties>
                <property name="_JOINTYPE" value="UnityCombinatorial" />
                <property name="retryIteration" value="0" />
                <property name="repeatIteration" value="0" />
              </properties>
              <output><![CDATA[Survivor Farm started.
Saving results to: C:/Users/Juan Jose/AppData/LocalLow/DefaultCompany/Survivor Farm\TestResults.xml
]]></output>
            </test-case>
          </test-suite>
        </test-suite>
      </test-suite>
    </test-suite>
  </test-suite>
</test-run>