<?xml version="1.0" encoding="utf-8"?>
<test-run id="2" testcasecount="301" result="Passed" total="301" passed="301" failed="0" inconclusive="0" skipped="0" asserts="0" engine-version="3.5.0.0" clr-version="4.0.30319.42000" start-time="2026-09-10 09:42:37Z" end-time="2026-09-10 09:43:00Z" duration="23.0973713">
  <test-suite type="TestSuite" id="1354" name="Survivor Farm" fullname="Survivor Farm" runstate="Runnable" testcasecount="301" result="Passed" start-time="2026-09-10 09:42:37Z" end-time="2026-09-10 09:43:00Z" duration="23.097371" total="301" passed="301" failed="0" inconclusive="0" skipped="0" asserts="0">
    <properties>
      <property name="platform" value="PlayMode" />
    </properties>
    <test-suite type="Assembly" id="1348" name="SurvivorFarm.PlayModeTests.dll" fullname="C:/Users/Juan Jose/Documents/ProyectosUnity/Juegos/Survivor Farm/Temp/TeamQA/Library/ScriptAssemblies/SurvivorFarm.PlayModeTests.dll" runstate="Runnable" testcasecount="301" result="Passed" start-time="2026-09-10 09:42:37Z" end-time="2026-09-10 09:43:00Z" duration="23.089039" total="301" passed="301" failed="0" inconclusive="0" skipped="0" asserts="0">
      <properties>
        <property name="_PID" value="47800" />
        <property name="_APPDOMAIN" value="Unity Child Domain" />
        <property name="platform" value="PlayMode" />
        <property name="EditorOnly" value="False" />
      </properties>
      <test-suite type="TestSuite" id="1349" name="SurvivorFarm" fullname="SurvivorFarm" runstate="Runnable" testcasecount="301" result="Passed" start-time="2026-09-10 09:42:37Z" end-time="2026-09-10 09:43:00Z" duration="23.087497" total="301" passed="301" failed="0" inconclusive="0" skipped="0" asserts="0">
        <properties />
        <test-suite type="TestSuite" id="1350" name="Tests" fullname="SurvivorFarm.Tests" runstate="Runnable" testcasecount="301" result="Passed" start-time="2026-09-10 09:42:37Z" end-time="2026-09-10 09:43:00Z" duration="23.086259" total="301" passed="301" failed="0" inconclusive="0" skipped="0" asserts="0">
          <properties />
          <test-suite type="TestFixture" id="1001" name="CombatFeelTests" fullname="SurvivorFarm.Tests.CombatFeelTests" classname="SurvivorFarm.Tests.CombatFeelTests" runstate="Runnable" testcasecount="24" result="Passed" start-time="2026-09-10 09:42:37Z" end-time="2026-09-10 09:42:39Z" duration="1.458810" total="24" passed="24" failed="0" inconclusive="0" skipped="0" asserts="0">
            <properties />
            <test-suite type="ParameterizedMethod" id="1006" name="ActiveWeaponKeepsSharedBonusesWithoutBorrowingOtherWeapon" fullname="SurvivorFarm.Tests.CombatFeelTests.ActiveWeaponKeepsSharedBonusesWithoutBorrowingOtherWeapon" classname="SurvivorFarm.Tests.CombatFeelTests" runstate="Runnable" testcasecount="4" result="Passed" start-time="2026-09-10 09:42:37Z" end-time="2026-09-10 09:42:37Z" duration="0.034268" total="4" passed="4" failed="0" inconclusive="0" skipped="0" asserts="0">
              <properties />
              <test-case id="1002" name="ActiveWeaponKeepsSharedBonusesWithoutBorrowingOtherWeapon(&quot;IronSword&quot;,6,4)" fullname="SurvivorFarm.Tests.CombatFeelTests.ActiveWeaponKeepsSharedBonusesWithoutBorrowingOtherWeapon(&quot;IronSword&quot;,6,4)" methodname="ActiveWeaponKeepsSharedBonusesWithoutBorrowingOtherWeapon" classname="SurvivorFarm.Tests.CombatFeelTests" runstate="Runnable" seed="62434710" result="Passed" start-time="2026-09-10 09:42:37Z" end-time="2026-09-10 09:42:37Z" duration="0.023883" asserts="0">
                <properties>
                  <property name="retryIteration" value="0" />
                  <property name="repeatIteration" value="0" />
                </properties>
              </test-case>
              <test-case id="1003" name="ActiveWeaponKeepsSharedBonusesWithoutBorrowingOtherWeapon(&quot;RubySword&quot;,8,4)" fullname="SurvivorFarm.Tests.CombatFeelTests.ActiveWeaponKeepsSharedBonusesWithoutBorrowingOtherWeapon(&quot;RubySword&quot;,8,4)" methodname="ActiveWeaponKeepsSharedBonusesWithoutBorrowingOtherWeapon" classname="SurvivorFarm.Tests.CombatFeelTests" runstate="Runnable" seed="452471899" result="Passed" start-time="2026-09-10 09:42:37Z" end-time="2026-09-10 09:42:37Z" duration="0.001250" asserts="0">
                <properties>
                  <property name="retryIteration" value="0" />
                  <property name="repeatIteration" value="0" />
                </properties>
              </test-case>
              <test-case id="1004" name="ActiveWeaponKeepsSharedBonusesWithoutBorrowingOtherWeapon(&quot;HunterBow&quot;,4,6)" fullname="SurvivorFarm.Tests.CombatFeelTests.ActiveWeaponKeepsSharedBonusesWithoutBorrowingOtherWeapon(&quot;HunterBow&quot;,4,6)" methodname="ActiveWeaponKeepsSharedBonusesWithoutBorrowingOtherWeapon" classname="SurvivorFarm.Tests.CombatFeelTests" runstate="Runnable" seed="709819246" result="Passed" start-time="2026-09-10 09:42:37Z" end-time="2026-09-10 09:42:37Z" duration="0.001131" asserts="0">
                <properties>
                  <property name="retryIteration" value="0" />
                  <property name="repeatIteration" value="0" />
                </properties>
              </test-case>
              <test-case id="1005" name="ActiveWeaponKeepsSharedBonusesWithoutBorrowingOtherWeapon(&quot;DiamondBow&quot;,4,8)" fullname="SurvivorFarm.Tests.CombatFeelTests.ActiveWeaponKeepsSharedBonusesWithoutBorrowingOtherWeapon(&quot;DiamondBow&quot;,4,8)" methodname="ActiveWeaponKeepsSharedBonusesWithoutBorrowingOtherWeapon" classname="SurvivorFarm.Tests.CombatFeelTests" runstate="Runnable" seed="939427291" result="Passed" start-time="2026-09-10 09:42:37Z" end-time="2026-09-10 09:42:37Z" duration="0.000804" asserts="0">
                <properties>
                  <property name="retryIteration" value="0" />
                  <property name="repeatIteration" value="0" />
                </properties>
              </test-case>
            </test-suite>
            <test-case id="1014" name="ArrowImpactIsReservedBeforeReentrantDamageCallbacks" fullname="SurvivorFarm.Tests.CombatFeelTests.ArrowImpactIsReservedBeforeReentrantDamageCallbacks" methodname="ArrowImpactIsReservedBeforeReentrantDamageCallbacks" classname="SurvivorFarm.Tests.CombatFeelTests" runstate="Runnable" seed="2078498317" result="Passed" start-time="2026-09-10 09:42:37Z" end-time="2026-09-10 09:42:37Z" duration="0.005979" asserts="0">
              <properties>
                <property name="retryIteration" value="0" />
                <property name="repeatIteration" value="0" />
              </properties>
            </test-case>
            <test-case id="1010" name="ArrowSpritesAreTheSameExistingAssetAcrossShots" fullname="SurvivorFarm.Tests.CombatFeelTests.ArrowSpritesAreTheSameExistingAssetAcrossShots" methodname="ArrowSpritesAreTheSameExistingAssetAcrossShots" classname="SurvivorFarm.Tests.CombatFeelTests" runstate="Runnable" seed="1292896846" result="Passed" start-time="2026-09-10 09:42:37Z" end-time="2026-09-10 09:42:37Z" duration="0.009536" asserts="0">
              <properties>
                <property name="retryIteration" value="0" />
                <property name="repeatIteration" value="0" />
              </properties>
            </test-case>
            <test-case id="1025" name="BossRetainsAirborneImmunityAndFullDoubleDamageWindow" fullname="SurvivorFarm.Tests.CombatFeelTests.BossRetainsAirborneImmunityAndFullDoubleDamageWindow" methodname="BossRetainsAirborneImmunityAndFullDoubleDamageWindow" classname="SurvivorFarm.Tests.CombatFeelTests" runstate="Runnable" seed="295976493" result="Passed" start-time="2026-09-10 09:42:37Z" end-time="2026-09-10 09:42:37Z" duration="0.126848" asserts="0">
              <properties>
                <property name="retryIteration" value="0" />
                <property name="repeatIteration" value="0" />
              </properties>
            </test-case>
            <test-case id="1017" name="BowReleaseWaitsForAnimationAndCanBeCancelled" fullname="SurvivorFarm.Tests.CombatFeelTests.BowReleaseWaitsForAnimationAndCanBeCancelled" methodname="BowReleaseWaitsForAnimationAndCanBeCancelled" classname="SurvivorFarm.Tests.CombatFeelTests" runstate="Runnable" seed="720333938" result="Passed" start-time="2026-09-10 09:42:37Z" end-time="2026-09-10 09:42:39Z" duration="1.212585" asserts="0">
              <properties>
                <property name="_JOINTYPE" value="UnityCombinatorial" />
                <property name="retryIteration" value="0" />
                <property name="repeatIteration" value="0" />
              </properties>
              <output><![CDATA[There are no audio listeners in the scene. Please ensure there is always one audio listener in the scene
]]></output>
            </test-case>
            <test-suite type="ParameterizedMethod" id="1013" name="BowWithoutCameraAcquiresAnimalButStillRespectsCover" fullname="SurvivorFarm.Tests.CombatFeelTests.BowWithoutCameraAcquiresAnimalButStillRespectsCover" classname="SurvivorFarm.Tests.CombatFeelTests" runstate="Runnable" testcasecount="2" result="Passed" start-time="2026-09-10 09:42:39Z" end-time="2026-09-10 09:42:39Z" duration="0.018786" total="2" passed="2" failed="0" inconclusive="0" skipped="0" asserts="0">
              <properties />
              <test-case id="1011" name="BowWithoutCameraAcquiresAnimalButStillRespectsCover(False)" fullname="SurvivorFarm.Tests.CombatFeelTests.BowWithoutCameraAcquiresAnimalButStillRespectsCover(False)" methodname="BowWithoutCameraAcquiresAnimalButStillRespectsCover" classname="SurvivorFarm.Tests.CombatFeelTests" runstate="Runnable" seed="807544574" result="Passed" start-time="2026-09-10 09:42:39Z" end-time="2026-09-10 09:42:39Z" duration="0.014003" asserts="0">
                <properties>
                  <property name="retryIteration" value="0" />
                  <property name="repeatIteration" value="0" />
                </properties>
              </test-case>
              <test-case id="1012" name="BowWithoutCameraAcquiresAnimalButStillRespectsCover(True)" fullname="SurvivorFarm.Tests.CombatFeelTests.BowWithoutCameraAcquiresAnimalButStillRespectsCover(True)" methodname="BowWithoutCameraAcquiresAnimalButStillRespectsCover" classname="SurvivorFarm.Tests.CombatFeelTests" runstate="Runnable" seed="786294175" result="Passed" start-time="2026-09-10 09:42:39Z" end-time="2026-09-10 09:42:39Z" duration="0.003518" asserts="0">
                <properties>
                  <property name="retryIteration" value="0" />
                  <property name="repeatIteration" value="0" />
                </properties>
                <output><![CDATA[No hay un objetivo al alcance.
]]></output>
              </test-case>
            </test-suite>
            <test-case id="1026" name="BudHealingStillOccursOnlyOncePerAttackCycle" fullname="SurvivorFarm.Tests.CombatFeelTests.BudHealingStillOccursOnlyOncePerAttackCycle" methodname="BudHealingStillOccursOnlyOncePerAttackCycle" classname="SurvivorFarm.Tests.CombatFeelTests" runstate="Runnable" seed="1950574565" result="Passed" start-time="2026-09-10 09:42:39Z" end-time="2026-09-10 09:42:39Z" duration="0.005257" asserts="0">
              <properties>
                <property name="retryIteration" value="0" />
                <property name="repeatIteration" value="0" />
              </properties>
            </test-case>
            <test-case id="1022" name="CancellingGatheringDoesNotReplaceDamageAnimation" fullname="SurvivorFarm.Tests.CombatFeelTests.CancellingGatheringDoesNotReplaceDamageAnimation" methodname="CancellingGatheringDoesNotReplaceDamageAnimation" classname="SurvivorFarm.Tests.CombatFeelTests" runstate="Runnable" seed="1828218945" result="Passed" start-time="2026-09-10 09:42:39Z" end-time="2026-09-10 09:42:39Z" duration="0.004356" asserts="0">
              <properties>
                <property name="retryIteration" value="0" />
                <property name="repeatIteration" value="0" />
              </properties>
            </test-case>
            <test-case id="1015" name="CoverAddedAfterReleaseBlocksArrowImpact" fullname="SurvivorFarm.Tests.CombatFeelTests.CoverAddedAfterReleaseBlocksArrowImpact" methodname="CoverAddedAfterReleaseBlocksArrowImpact" classname="SurvivorFarm.Tests.CombatFeelTests" runstate="Runnable" seed="511356861" result="Passed" start-time="2026-09-10 09:42:39Z" end-time="2026-09-10 09:42:39Z" duration="0.001302" asserts="0">
              <properties>
                <property name="retryIteration" value="0" />
                <property name="repeatIteration" value="0" />
              </properties>
            </test-case>
            <test-case id="1021" name="DeathCancelsBeforeSameFrameReviveCanResumeHarvest" fullname="SurvivorFarm.Tests.CombatFeelTests.DeathCancelsBeforeSameFrameReviveCanResumeHarvest" methodname="DeathCancelsBeforeSameFrameReviveCanResumeHarvest" classname="SurvivorFarm.Tests.CombatFeelTests" runstate="Runnable" seed="521998134" result="Passed" start-time="2026-09-10 09:42:39Z" end-time="2026-09-10 09:42:39Z" duration="0.001870" asserts="0">
              <properties>
                <property name="retryIteration" value="0" />
                <property name="repeatIteration" value="0" />
              </properties>
            </test-case>
            <test-case id="1008" name="EmptyAndUnknownEquipmentRemainSafe" fullname="SurvivorFarm.Tests.CombatFeelTests.EmptyAndUnknownEquipmentRemainSafe" methodname="EmptyAndUnknownEquipmentRemainSafe" classname="SurvivorFarm.Tests.CombatFeelTests" runstate="Runnable" seed="1981757030" result="Passed" start-time="2026-09-10 09:42:39Z" end-time="2026-09-10 09:42:39Z" duration="0.001063" asserts="0">
              <properties>
                <property name="retryIteration" value="0" />
                <property name="repeatIteration" value="0" />
              </properties>
            </test-case>
            <test-case id="1023" name="HarvestHitsDoNotPayUntilCompletionAndCompletionPaysOnce" fullname="SurvivorFarm.Tests.CombatFeelTests.HarvestHitsDoNotPayUntilCompletionAndCompletionPaysOnce" methodname="HarvestHitsDoNotPayUntilCompletionAndCompletionPaysOnce" classname="SurvivorFarm.Tests.CombatFeelTests" runstate="Runnable" seed="814485682" result="Passed" start-time="2026-09-10 09:42:39Z" end-time="2026-09-10 09:42:39Z" duration="0.002907" asserts="0">
              <properties>
                <property name="retryIteration" value="0" />
                <property name="repeatIteration" value="0" />
              </properties>
              <output><![CDATA[+2 madera, +4 oro
]]></output>
            </test-case>
            <test-case id="1007" name="LegacySwordProgressionStaysExclusiveToSword" fullname="SurvivorFarm.Tests.CombatFeelTests.LegacySwordProgressionStaysExclusiveToSword" methodname="LegacySwordProgressionStaysExclusiveToSword" classname="SurvivorFarm.Tests.CombatFeelTests" runstate="Runnable" seed="36649893" result="Passed" start-time="2026-09-10 09:42:39Z" end-time="2026-09-10 09:42:39Z" duration="0.003086" asserts="0">
              <properties>
                <property name="retryIteration" value="0" />
                <property name="repeatIteration" value="0" />
              </properties>
            </test-case>
            <test-case id="1016" name="ReusedAndDestroyedArrowTargetsCannotTakeDamage" fullname="SurvivorFarm.Tests.CombatFeelTests.ReusedAndDestroyedArrowTargetsCannotTakeDamage" methodname="ReusedAndDestroyedArrowTargetsCannotTakeDamage" classname="SurvivorFarm.Tests.CombatFeelTests" runstate="Runnable" seed="1504637101" result="Passed" start-time="2026-09-10 09:42:39Z" end-time="2026-09-10 09:42:39Z" duration="0.002315" asserts="0">
              <properties>
                <property name="retryIteration" value="0" />
                <property name="repeatIteration" value="0" />
              </properties>
            </test-case>
            <test-case id="1009" name="SwordCueMatchesWholeDamageCircleAndDeduplicatesColliders" fullname="SurvivorFarm.Tests.CombatFeelTests.SwordCueMatchesWholeDamageCircleAndDeduplicatesColliders" methodname="SwordCueMatchesWholeDamageCircleAndDeduplicatesColliders" classname="SurvivorFarm.Tests.CombatFeelTests" runstate="Runnable" seed="626004196" result="Passed" start-time="2026-09-10 09:42:39Z" end-time="2026-09-10 09:42:39Z" duration="0.003579" asserts="0">
              <properties>
                <property name="retryIteration" value="0" />
                <property name="repeatIteration" value="0" />
              </properties>
            </test-case>
            <test-suite type="ParameterizedMethod" id="1020" name="TimedGatheringCancelsOutsideReachAndOnDisable" fullname="SurvivorFarm.Tests.CombatFeelTests.TimedGatheringCancelsOutsideReachAndOnDisable" classname="SurvivorFarm.Tests.CombatFeelTests" runstate="Runnable" testcasecount="2" result="Passed" start-time="2026-09-10 09:42:39Z" end-time="2026-09-10 09:42:39Z" duration="0.004087" total="2" passed="2" failed="0" inconclusive="0" skipped="0" asserts="0">
              <properties />
              <test-case id="1018" name="TimedGatheringCancelsOutsideReachAndOnDisable(True)" fullname="SurvivorFarm.Tests.CombatFeelTests.TimedGatheringCancelsOutsideReachAndOnDisable(True)" methodname="TimedGatheringCancelsOutsideReachAndOnDisable" classname="SurvivorFarm.Tests.CombatFeelTests" runstate="Runnable" seed="526950516" result="Passed" start-time="2026-09-10 09:42:39Z" end-time="2026-09-10 09:42:39Z" duration="0.001403" asserts="0">
                <properties>
                  <property name="retryIteration" value="0" />
                  <property name="repeatIteration" value="0" />
                </properties>
              </test-case>
              <test-case id="1019" name="TimedGatheringCancelsOutsideReachAndOnDisable(False)" fullname="SurvivorFarm.Tests.CombatFeelTests.TimedGatheringCancelsOutsideReachAndOnDisable(False)" methodname="TimedGatheringCancelsOutsideReachAndOnDisable" classname="SurvivorFarm.Tests.CombatFeelTests" runstate="Runnable" seed="1384481132" result="Passed" start-time="2026-09-10 09:42:39Z" end-time="2026-09-10 09:42:39Z" duration="0.000790" asserts="0">
                <properties>
                  <property name="retryIteration" value="0" />
                  <property name="repeatIteration" value="0" />
                </properties>
              </test-case>
            </test-suite>
            <test-case id="1024" name="ToolUpgradeShortensGatheringWhileImpactsFollowClipCycles" fullname="SurvivorFarm.Tests.CombatFeelTests.ToolUpgradeShortensGatheringWhileImpactsFollowClipCycles" methodname="ToolUpgradeShortensGatheringWhileImpactsFollowClipCycles" classname="SurvivorFarm.Tests.CombatFeelTests" runstate="Runnable" seed="603186196" result="Passed" start-time="2026-09-10 09:42:39Z" end-time="2026-09-10 09:42:39Z" duration="0.003701" asserts="0">
              <properties>
                <property name="retryIteration" value="0" />
                <property name="repeatIteration" value="0" />
              </properties>
            </test-case>
            <test-suite type="ParameterizedMethod" id="1029" name="WarningMatchesImpactRadiusAndResetClearsLeapPose" fullname="SurvivorFarm.Tests.CombatFeelTests.WarningMatchesImpactRadiusAndResetClearsLeapPose" classname="SurvivorFarm.Tests.CombatFeelTests" runstate="Runnable" testcasecount="2" result="Passed" start-time="2026-09-10 09:42:39Z" end-time="2026-09-10 09:42:39Z" duration="0.006764" total="2" passed="2" failed="0" inconclusive="0" skipped="0" asserts="0">
              <properties />
              <test-case id="1027" name="WarningMatchesImpactRadiusAndResetClearsLeapPose(True,1.7f)" fullname="SurvivorFarm.Tests.CombatFeelTests.WarningMatchesImpactRadiusAndResetClearsLeapPose(True,1.7f)" methodname="WarningMatchesImpactRadiusAndResetClearsLeapPose" classname="SurvivorFarm.Tests.CombatFeelTests" runstate="Runnable" seed="1676270257" result="Passed" start-time="2026-09-10 09:42:39Z" end-time="2026-09-10 09:42:39Z" duration="0.003860" asserts="0">
                <properties>
                  <property name="retryIteration" value="0" />
                  <property name="repeatIteration" value="0" />
                </properties>
              </test-case>
              <test-case id="1028" name="WarningMatchesImpactRadiusAndResetClearsLeapPose(False,1.1f)" fullname="SurvivorFarm.Tests.CombatFeelTests.WarningMatchesImpactRadiusAndResetClearsLeapPose(False,1.1f)" methodname="WarningMatchesImpactRadiusAndResetClearsLeapPose" classname="SurvivorFarm.Tests.CombatFeelTests" runstate="Runnable" seed="1016987206" result="Passed" start-time="2026-09-10 09:42:39Z" end-time="2026-09-10 09:42:39Z" duration="0.001424" asserts="0">
                <properties>
                  <property name="retryIteration" value="0" />
                  <property name="repeatIteration" value="0" />
                </properties>
              </test-case>
            </test-suite>
          </test-suite>
          <test-suite type="TestFixture" id="1030" name="CombatLootTests" fullname="SurvivorFarm.Tests.CombatLootTests" classname="SurvivorFarm.Tests.CombatLootTests" runstate="Runnable" testcasecount="5" result="Passed" start-time="2026-09-10 09:42:39Z" end-time="2026-09-10 09:42:39Z" duration="0.455171" total="5" passed="5" failed="0" inconclusive="0" skipped="0" asserts="0">
            <properties />
            <test-case id="1031" name="DefeatDropsCoinsAndPickupPaysOnlyOnce" fullname="SurvivorFarm.Tests.CombatLootTests.DefeatDropsCoinsAndPickupPaysOnlyOnce" methodname="DefeatDropsCoinsAndPickupPaysOnlyOnce" classname="SurvivorFarm.Tests.CombatLootTests" runstate="Runnable" seed="833519043" result="Passed" start-time="2026-09-10 09:42:39Z" end-time="2026-09-10 09:42:39Z" duration="0.313044" asserts="0">
              <properties>
                <property name="_JOINTYPE" value="UnityCombinatorial" />
                <property name="retryIteration" value="0" />
                <property name="repeatIteration" value="0" />
              </properties>
              <output><![CDATA[There are no audio listeners in the scene. Please ensure there is always one audio listener in the scene
Test recibio 10 de dano.
Derrotaste a Test.
There are no audio listeners in the scene. Please ensure there is always one audio listener in the scene
There are no audio listeners in the scene. Please ensure there is always one audio listener in the scene
There are no audio listeners in the scene. Please ensure there is always one audio listener in the scene
There are no audio listeners in the scene. Please ensure there is always one audio listener in the scene
There are no audio listeners in the scene. Please ensure there is always one audio listener in the scene
There are no audio listeners in the scene. Please ensure there is always one audio listener in the scene
There are no audio listeners in the scene. Please ensure there is always one audio listener in the scene
There are no audio listeners in the scene. Please ensure there is always one audio listener in the scene
There are no audio listeners in the scene. Please ensure there is always one audio listener in the scene
There are no audio listeners in the scene. Please ensure there is always one audio listener in the scene
There are no audio listeners in the scene. Please ensure there is always one audio listener in the scene
There are no audio listeners in the scene. Please ensure there is always one audio listener in the scene
There are no audio listeners in the scene. Please ensure there is always one audio listener in the scene
There are no audio listeners in the scene. Please ensure there is always one audio listener in the scene
There are no audio listeners in the scene. Please ensure there is always one audio listener in the scene
There are no audio listeners in the scene. Please ensure there is always one audio listener in the scene
There are no audio listeners in the scene. Please ensure there is always one audio listener in the scene
There are no audio listeners in the scene. Please ensure there is always one audio listener in the scene
There are no audio listeners in the scene. Please ensure there is always one audio listener in the scene
There are no audio listeners in the scene. Please ensure there is always one audio listener in the scene
There are no audio listeners in the scene. Please ensure there is always one audio listener in the scene
There are no audio listeners in the scene. Please ensure there is always one audio listener in the scene
There are no audio listeners in the scene. Please ensure there is always one audio listener in the scene
There are no audio listeners in the scene. Please ensure there is always one audio listener in the scene
There are no audio listeners in the scene. Please ensure there is always one audio listener in the scene
There are no audio listeners in the scene. Please ensure there is always one audio listener in the scene
There are no audio listeners in the scene. Please ensure there is always one audio listener in the scene
There are no audio listeners in the scene. Please ensure there is always one audio listener in the scene
There are no audio listeners in the scene. Please ensure there is always one audio listener in the scene
There are no audio listeners in the scene. Please ensure there is always one audio listener in the scene
There are no audio listeners in the scene. Please ensure there is always one audio listener in the scene
There are no audio listeners in the scene. Please ensure there is always one audio listener in the scene
There are no audio listeners in the scene. Please ensure there is always one audio listener in the scene
There are no audio listeners in the scene. Please ensure there is always one audio listener in the scene
There are no audio listeners in the scene. Please ensure there is always one audio listener in the scene
There are no audio listeners in the scene. Please ensure there is always one audio listener in the scene
There are no audio listeners in the scene. Please ensure there is always one audio listener in the scene
There are no audio listeners in the scene. Please ensure there is always one audio listener in the scene
There are no audio listeners in the scene. Please ensure there is always one audio listener in the scene
There are no audio listeners in the scene. Please ensure there is always one audio listener in the scene
There are no audio listeners in the scene. Please ensure there is always one audio listener in the scene
There are no audio listeners in the scene. Please ensure there is always one audio listener in the scene
There are no audio listeners in the scene. Please ensure there is always one audio listener in the scene
There are no audio listeners in the scene. Please ensure there is always one audio listener in the scene
There are no audio listeners in the scene. Please ensure there is always one audio listener in the scene
There are no audio listeners in the scene. Please ensure there is always one audio listener in the scene
There are no audio listeners in the scene. Please ensure there is always one audio listener in the scene
There are no audio listeners in the scene. Please ensure there is always one audio listener in the scene
There are no audio listeners in the scene. Please ensure there is always one audio listener in the scene
There are no audio listeners in the scene. Please ensure there is always one audio listener in the scene
There are no audio listeners in the scene. Please ensure there is always one audio listener in the scene
There are no audio listeners in the scene. Please ensure there is always one audio listener in the scene
There are no audio listeners in the scene. Please ensure there is always one audio listener in the scene
There are no audio listeners in the scene. Please ensure there is always one audio listener in the scene
There are no audio listeners in the scene. Please ensure there is always one audio listener in the scene
There are no audio listeners in the scene. Please ensure there is always one audio listener in the scene
There are no audio listeners in the scene. Please ensure there is always one audio listener in the scene
There are no audio listeners in the scene. Please ensure there is always one audio listener in the scene
There are no audio listeners in the scene. Please ensure there is always one audio listener in the scene
There are no audio listeners in the scene. Please ensure there is always one audio listener in the scene
There are no audio listeners in the scene. Please ensure there is always one audio listener in the scene
There are no audio listeners in the scene. Please ensure there is always one audio listener in the scene
There are no audio listeners in the scene. Please ensure there is always one audio listener in the scene
There are no audio listeners in the scene. Please ensure there is always one audio listener in the scene
There are no audio listeners in the scene. Please ensure there is always one audio listener in the scene
There are no audio listeners in the scene. Please ensure there is always one audio listener in the scene
There are no audio listeners in the scene. Please ensure there is always one audio listener in the scene
There are no audio listeners in the scene. Please ensure there is always one audio listener in the scene
There are no audio listeners in the scene. Please ensure there is always one audio listener in the scene
There are no audio listeners in the scene. Please ensure there is always one audio listener in the scene
There are no audio listeners in the scene. Please ensure there is always one audio listener in the scene
There are no audio listeners in the scene. Please ensure there is always one audio listener in the scene
There are no audio listeners in the scene. Please ensure there is always one audio listener in the scene
There are no audio listeners in the scene. Please ensure there is always one audio listener in the scene
There are no audio listeners in the scene. Please ensure there is always one audio listener in the scene
There are no audio listeners in the scene. Please ensure there is always one audio listener in the scene
There are no audio listeners in the scene. Please ensure there is always one audio listener in the scene
There are no audio listeners in the scene. Please ensure there is always one audio listener in the scene
There are no audio listeners in the scene. Please ensure there is always one audio listener in the scene
There are no audio listeners in the scene. Please ensure there is always one audio listener in the scene
There are no audio listeners in the scene. Please ensure there is always one audio listener in the scene
There are no audio listeners in the scene. Please ensure there is always one audio listener in the scene
There are no audio listeners in the scene. Please ensure there is always one audio listener in the scene
There are no audio listeners in the scene. Please ensure there is always one audio listener in the scene
There are no audio listeners in the scene. Please ensure there is always one audio listener in the scene
There are no audio listeners in the scene. Please ensure there is always one audio listener in the scene
There are no audio listeners in the scene. Please ensure there is always one audio listener in the scene
There are no audio listeners in the scene. Please ensure there is always one audio listener in the scene
There are no audio listeners in the scene. Please ensure there is always one audio listener in the scene
There are no audio listeners in the scene. Please ensure there is always one audio listener in the scene
There are no audio listeners in the scene. Please ensure there is always one audio listener in the scene
There are no audio listeners in the scene. Please ensure there is always one audio listener in the scene
There are no audio listeners in the scene. Please ensure there is always one audio listener in the scene
There are no audio listeners in the scene. Please ensure there is always one audio listener in the scene
There are no audio listeners in the scene. Please ensure there is always one audio listener in the scene
There are no audio listeners in the scene. Please ensure there is always one audio listener in the scene
There are no audio listeners in the scene. Please ensure there is always one audio listener in the scene
There are no audio listeners in the scene. Please ensure there is always one audio listener in the scene
There are no audio listeners in the scene. Please ensure there is always one audio listener in the scene
There are no audio listeners in the scene. Please ensure there is always one audio listener in the scene
There are no audio listeners in the scene. Please ensure there is always one audio listener in the scene
There are no audio listeners in the scene. Please ensure there is always one audio listener in the scene
There are no audio listeners in the scene. Please ensure there is always one audio listener in the scene
There are no audio listeners in the scene. Please ensure there is always one audio listener in the scene
There are no audio listeners in the scene. Please ensure there is always one audio listener in the scene
There are no audio listeners in the scene. Please ensure there is always one audio listener in the scene
There are no audio listeners in the scene. Please ensure there is always one audio listener in the scene
There are no audio listeners in the scene. Please ensure there is always one audio listener in the scene
There are no audio listeners in the scene. Please ensure there is always one audio listener in the scene
There are no audio listeners in the scene. Please ensure there is always one audio listener in the scene
There are no audio listeners in the scene. Please ensure there is always one audio listener in the scene
There are no audio listeners in the scene. Please ensure there is always one audio listener in the scene
There are no audio listeners in the scene. Please ensure there is always one audio listener in the scene
There are no audio listeners in the scene. Please ensure there is always one audio listener in the scene
There are no audio listeners in the scene. Please ensure there is always one audio listener in the scene
There are no audio listeners in the scene. Please ensure there is always one audio listener in the scene
There are no audio listeners in the scene. Please ensure there is always one audio listener in the scene
There are no audio listeners in the scene. Please ensure there is always one audio listener in the scene
There are no audio listeners in the scene. Please ensure there is always one audio listener in the scene
There are no audio listeners in the scene. Please ensure there is always one audio listener in the scene
+2 oro
]]></output>
            </test-case>
            <test-case id="1035" name="HiddenDungeonLootKeepsItsRegionForSaving" fullname="SurvivorFarm.Tests.CombatLootTests.HiddenDungeonLootKeepsItsRegionForSaving" methodname="HiddenDungeonLootKeepsItsRegionForSaving" classname="SurvivorFarm.Tests.CombatLootTests" runstate="Runnable" seed="1119424576" result="Passed" start-time="2026-09-10 09:42:39Z" end-time="2026-09-10 09:42:39Z" duration="0.001981" asserts="0">
              <properties>
                <property name="retryIteration" value="0" />
                <property name="repeatIteration" value="0" />
              </properties>
            </test-case>
            <test-case id="1032" name="HitFlashesAndKnockbackCannotCrossWall" fullname="SurvivorFarm.Tests.CombatLootTests.HitFlashesAndKnockbackCannotCrossWall" methodname="HitFlashesAndKnockbackCannotCrossWall" classname="SurvivorFarm.Tests.CombatLootTests" runstate="Runnable" seed="1598898750" result="Passed" start-time="2026-09-10 09:42:39Z" end-time="2026-09-10 09:42:39Z" duration="0.124615" asserts="0">
              <properties>
                <property name="_JOINTYPE" value="UnityCombinatorial" />
                <property name="retryIteration" value="0" />
                <property name="repeatIteration" value="0" />
              </properties>
              <output><![CDATA[There are no audio listeners in the scene. Please ensure there is always one audio listener in the scene
Test recibio 1 de dano.
There are no audio listeners in the scene. Please ensure there is always one audio listener in the scene
There are no audio listeners in the scene. Please ensure there is always one audio listener in the scene
There are no audio listeners in the scene. Please ensure there is always one audio listener in the scene
There are no audio listeners in the scene. Please ensure there is always one audio listener in the scene
There are no audio listeners in the scene. Please ensure there is always one audio listener in the scene
There are no audio listeners in the scene. Please ensure there is always one audio listener in the scene
There are no audio listeners in the scene. Please ensure there is always one audio listener in the scene
There are no audio listeners in the scene. Please ensure there is always one audio listener in the scene
There are no audio listeners in the scene. Please ensure there is always one audio listener in the scene
There are no audio listeners in the scene. Please ensure there is always one audio listener in the scene
There are no audio listeners in the scene. Please ensure there is always one audio listener in the scene
There are no audio listeners in the scene. Please ensure there is always one audio listener in the scene
There are no audio listeners in the scene. Please ensure there is always one audio listener in the scene
There are no audio listeners in the scene. Please ensure there is always one audio listener in the scene
There are no audio listeners in the scene. Please ensure there is always one audio listener in the scene
There are no audio listeners in the scene. Please ensure there is always one audio listener in the scene
There are no audio listeners in the scene. Please ensure there is always one audio listener in the scene
There are no audio listeners in the scene. Please ensure there is always one audio listener in the scene
There are no audio listeners in the scene. Please ensure there is always one audio listener in the scene
There are no audio listeners in the scene. Please ensure there is always one audio listener in the scene
There are no audio listeners in the scene. Please ensure there is always one audio listener in the scene
There are no audio listeners in the scene. Please ensure there is always one audio listener in the scene
There are no audio listeners in the scene. Please ensure there is always one audio listener in the scene
There are no audio listeners in the scene. Please ensure there is always one audio listener in the scene
There are no audio listeners in the scene. Please ensure there is always one audio listener in the scene
There are no audio listeners in the scene. Please ensure there is always one audio listener in the scene
There are no audio listeners in the scene. Please ensure there is always one audio listener in the scene
There are no audio listeners in the scene. Please ensure there is always one audio listener in the scene
There are no audio listeners in the scene. Please ensure there is always one audio listener in the scene
There are no audio listeners in the scene. Please ensure there is always one audio listener in the scene
There are no audio listeners in the scene. Please ensure there is always one audio listener in the scene
There are no audio listeners in the scene. Please ensure there is always one audio listener in the scene
There are no audio listeners in the scene. Please ensure there is always one audio listener in the scene
There are no audio listeners in the scene. Please ensure there is always one audio listener in the scene
There are no audio listeners in the scene. Please ensure there is always one audio listener in the scene
There are no audio listeners in the scene. Please ensure there is always one audio listener in the scene
There are no audio listeners in the scene. Please ensure there is always one audio listener in the scene
There are no audio listeners in the scene. Please ensure there is always one audio listener in the scene
There are no audio listeners in the scene. Please ensure there is always one audio listener in the scene
There are no audio listeners in the scene. Please ensure there is always one audio listener in the scene
There are no audio listeners in the scene. Please ensure there is always one audio listener in the scene
There are no audio listeners in the scene. Please ensure there is always one audio listener in the scene
There are no audio listeners in the scene. Please ensure there is always one audio listener in the scene
There are no audio listeners in the scene. Please ensure there is always one audio listener in the scene
There are no audio listeners in the scene. Please ensure there is always one audio listener in the scene
There are no audio listeners in the scene. Please ensure there is always one audio listener in the scene
There are no audio listeners in the scene. Please ensure there is always one audio listener in the scene
There are no audio listeners in the scene. Please ensure there is always one audio listener in the scene
There are no audio listeners in the scene. Please ensure there is always one audio listener in the scene
There are no audio listeners in the scene. Please ensure there is always one audio listener in the scene
There are no audio listeners in the scene. Please ensure there is always one audio listener in the scene
There are no audio listeners in the scene. Please ensure there is always one audio listener in the scene
There are no audio listeners in the scene. Please ensure there is always one audio listener in the scene
There are no audio listeners in the scene. Please ensure there is always one audio listener in the scene
There are no audio listeners in the scene. Please ensure there is always one audio listener in the scene
There are no audio listeners in the scene. Please ensure there is always one audio listener in the scene
There are no audio listeners in the scene. Please ensure there is always one audio listener in the scene
There are no audio listeners in the scene. Please ensure there is always one audio listener in the scene
There are no audio listeners in the scene. Please ensure there is always one audio listener in the scene
There are no audio listeners in the scene. Please ensure there is always one audio listener in the scene
There are no audio listeners in the scene. Please ensure there is always one audio listener in the scene
There are no audio listeners in the scene. Please ensure there is always one audio listener in the scene
There are no audio listeners in the scene. Please ensure there is always one audio listener in the scene
There are no audio listeners in the scene. Please ensure there is always one audio listener in the scene
There are no audio listeners in the scene. Please ensure there is always one audio listener in the scene
There are no audio listeners in the scene. Please ensure there is always one audio listener in the scene
There are no audio listeners in the scene. Please ensure there is always one audio listener in the scene
There are no audio listeners in the scene. Please ensure there is always one audio listener in the scene
There are no audio listeners in the scene. Please ensure there is always one audio listener in the scene
There are no audio listeners in the scene. Please ensure there is always one audio listener in the scene
There are no audio listeners in the scene. Please ensure there is always one audio listener in the scene
There are no audio listeners in the scene. Please ensure there is always one audio listener in the scene
There are no audio listeners in the scene. Please ensure there is always one audio listener in the scene
There are no audio listeners in the scene. Please ensure there is always one audio listener in the scene
There are no audio listeners in the scene. Please ensure there is always one audio listener in the scene
There are no audio listeners in the scene. Please ensure there is always one audio listener in the scene
There are no audio listeners in the scene. Please ensure there is always one audio listener in the scene
There are no audio listeners in the scene. Please ensure there is always one audio listener in the scene
There are no audio listeners in the scene. Please ensure there is always one audio listener in the scene
There are no audio listeners in the scene. Please ensure there is always one audio listener in the scene
There are no audio listeners in the scene. Please ensure there is always one audio listener in the scene
There are no audio listeners in the scene. Please ensure there is always one audio listener in the scene
There are no audio listeners in the scene. Please ensure there is always one audio listener in the scene
There are no audio listeners in the scene. Please ensure there is always one audio listener in the scene
There are no audio listeners in the scene. Please ensure there is always one audio listener in the scene
There are no audio listeners in the scene. Please ensure there is always one audio listener in the scene
There are no audio listeners in the scene. Please ensure there is always one audio listener in the scene
There are no audio listeners in the scene. Please ensure there is always one audio listener in the scene
There are no audio listeners in the scene. Please ensure there is always one audio listener in the scene
There are no audio listeners in the scene. Please ensure there is always one audio listener in the scene
There are no audio listeners in the scene. Please ensure there is always one audio listener in the scene
There are no audio listeners in the scene. Please ensure there is always one audio listener in the scene
There are no audio listeners in the scene. Please ensure there is always one audio listener in the scene
There are no audio listeners in the scene. Please ensure there is always one audio listener in the scene
There are no audio listeners in the scene. Please ensure there is always one audio listener in the scene
There are no audio listeners in the scene. Please ensure there is always one audio listener in the scene
There are no audio listeners in the scene. Please ensure there is always one audio listener in the scene
There are no audio listeners in the scene. Please ensure there is always one audio listener in the scene
There are no audio listeners in the scene. Please ensure there is always one audio listener in the scene
There are no audio listeners in the scene. Please ensure there is always one audio listener in the scene
There are no audio listeners in the scene. Please ensure there is always one audio listener in the scene
]]></output>
            </test-case>
            <test-case id="1033" name="ReturningToPoolWithoutDefeatDropsNothing" fullname="SurvivorFarm.Tests.CombatLootTests.ReturningToPoolWithoutDefeatDropsNothing" methodname="ReturningToPoolWithoutDefeatDropsNothing" classname="SurvivorFarm.Tests.CombatLootTests" runstate="Runnable" seed="1548365777" result="Passed" start-time="2026-09-10 09:42:39Z" end-time="2026-09-10 09:42:39Z" duration="0.001074" asserts="0">
              <properties>
                <property name="retryIteration" value="0" />
                <property name="repeatIteration" value="0" />
              </properties>
            </test-case>
            <test-case id="1034" name="UncollectedLootSurvivesSaveRoundTrip" fullname="SurvivorFarm.Tests.CombatLootTests.UncollectedLootSurvivesSaveRoundTrip" methodname="UncollectedLootSurvivesSaveRoundTrip" classname="SurvivorFarm.Tests.CombatLootTests" runstate="Runnable" seed="1573996237" result="Passed" start-time="2026-09-10 09:42:39Z" end-time="2026-09-10 09:42:39Z" duration="0.012331" asserts="0">
              <properties>
                <property name="retryIteration" value="0" />
                <property name="repeatIteration" value="0" />
              </properties>
              <output><![CDATA[Test recibio 10 de dano.
Derrotaste a Test.
]]></output>
            </test-case>
          </test-suite>
          <test-suite type="TestFixture" id="1036" name="DayNightCycleTests" fullname="SurvivorFarm.Tests.DayNightCycleTests" classname="SurvivorFarm.Tests.DayNightCycleTests" runstate="Runnable" testcasecount="4" result="Passed" start-time="2026-09-10 09:42:39Z" end-time="2026-09-10 09:42:39Z" duration="0.005614" total="4" passed="4" failed="0" inconclusive="0" skipped="0" asserts="0">
            <properties />
            <test-case id="1038" name="NightAndDawnAreGradualAndMidnightIsContinuous" fullname="SurvivorFarm.Tests.DayNightCycleTests.NightAndDawnAreGradualAndMidnightIsContinuous" methodname="NightAndDawnAreGradualAndMidnightIsContinuous" classname="SurvivorFarm.Tests.DayNightCycleTests" runstate="Runnable" seed="223343638" result="Passed" start-time="2026-09-10 09:42:39Z" end-time="2026-09-10 09:42:39Z" duration="0.001579" asserts="0">
              <properties>
                <property name="retryIteration" value="0" />
                <property name="repeatIteration" value="0" />
              </properties>
            </test-case>
            <test-case id="1040" name="OverlayDoesNotBlockInputAndClearsWhenDisabled" fullname="SurvivorFarm.Tests.DayNightCycleTests.OverlayDoesNotBlockInputAndClearsWhenDisabled" methodname="OverlayDoesNotBlockInputAndClearsWhenDisabled" classname="SurvivorFarm.Tests.DayNightCycleTests" runstate="Runnable" seed="274112729" result="Passed" start-time="2026-09-10 09:42:39Z" end-time="2026-09-10 09:42:39Z" duration="0.000860" asserts="0">
              <properties>
                <property name="retryIteration" value="0" />
                <property name="repeatIteration" value="0" />
              </properties>
            </test-case>
            <test-case id="1039" name="RestoresTimeAndIgnoresInvalidElapsedTime" fullname="SurvivorFarm.Tests.DayNightCycleTests.RestoresTimeAndIgnoresInvalidElapsedTime" methodname="RestoresTimeAndIgnoresInvalidElapsedTime" classname="SurvivorFarm.Tests.DayNightCycleTests" runstate="Runnable" seed="1450218533" result="Passed" start-time="2026-09-10 09:42:39Z" end-time="2026-09-10 09:42:39Z" duration="0.000985" asserts="0">
              <properties>
                <property name="retryIteration" value="0" />
                <property name="repeatIteration" value="0" />
              </properties>
            </test-case>
            <test-case id="1037" name="StartsInDaylightAndWrapsFullCycles" fullname="SurvivorFarm.Tests.DayNightCycleTests.StartsInDaylightAndWrapsFullCycles" methodname="StartsInDaylightAndWrapsFullCycles" classname="SurvivorFarm.Tests.DayNightCycleTests" runstate="Runnable" seed="844028943" result="Passed" start-time="2026-09-10 09:42:39Z" end-time="2026-09-10 09:42:39Z" duration="0.000265" asserts="0">
              <properties>
                <property name="retryIteration" value="0" />
                <property name="repeatIteration" value="0" />
              </properties>
            </test-case>
          </test-suite>
          <test-suite type="TestFixture" id="1041" name="DungeonExpeditionTests" fullname="SurvivorFarm.Tests.DungeonExpeditionTests" classname="SurvivorFarm.Tests.DungeonExpeditionTests" runstate="Runnable" testcasecount="7" result="Passed" start-time="2026-09-10 09:42:39Z" end-time="2026-09-10 09:42:43Z" duration="3.559137" total="7" passed="7" failed="0" inconclusive="0" skipped="0" asserts="0">
            <properties />
            <test-case id="1047" name="BossAnnouncesFixedImpactAndCanBeDodged" fullname="SurvivorFarm.Tests.DungeonExpeditionTests.BossAnnouncesFixedImpactAndCanBeDodged" methodname="BossAnnouncesFixedImpactAndCanBeDodged" classname="SurvivorFarm.Tests.DungeonExpeditionTests" runstate="Runnable" seed="922147835" result="Passed" start-time="2026-09-10 09:42:39Z" end-time="2026-09-10 09:42:42Z" duration="2.855547" asserts="0">
              <properties>
                <property name="_JOINTYPE" value="UnityCombinatorial" />
                <property name="retryIteration" value="0" />
                <property name="repeatIteration" value="0" />
              </properties>
              <output><![CDATA[There are no audio listeners in the scene. Please ensure there is always one audio listener in the scene
Entraste a la mazmorra.
Ruinas de Raizclara: explora las galerias y encuentra la camara del Custodio.
El Custodio despierta.
Saliste de la mazmorra.
Entraste a la mazmorra.
Ruinas de Raizclara: explora las galerias y encuentra la camara del Custodio.
El Custodio despierta.
]]></output>
            </test-case>
            <test-case id="1048" name="BossCameraFramesActorsAndReturnsToExploration" fullname="SurvivorFarm.Tests.DungeonExpeditionTests.BossCameraFramesActorsAndReturnsToExploration" methodname="BossCameraFramesActorsAndReturnsToExploration" classname="SurvivorFarm.Tests.DungeonExpeditionTests" runstate="Runnable" seed="1545009528" result="Passed" start-time="2026-09-10 09:42:42Z" end-time="2026-09-10 09:42:43Z" duration="0.627454" asserts="0">
              <properties>
                <property name="_JOINTYPE" value="UnityCombinatorial" />
                <property name="retryIteration" value="0" />
                <property name="repeatIteration" value="0" />
              </properties>
              <output><![CDATA[There are no audio listeners in the scene. Please ensure there is always one audio listener in the scene
Entraste a la mazmorra.
Ruinas de Raizclara: explora las galerias y encuentra la camara del Custodio.
El Custodio despierta.
El Custodio recibio 100 de dano.
Gema recuperada. Regresa a la casa para completar la expedición.
Custodio derrotado. El relicario y la salida estan abiertos.
There are no audio listeners in the scene. Please ensure there is always one audio listener in the scene
There are no audio listeners in the scene. Please ensure there is always one audio listener in the scene
]]></output>
            </test-case>
            <test-case id="1046" name="BossGateAndReliquaryRequireVictoryAndOldPositionsRecover" fullname="SurvivorFarm.Tests.DungeonExpeditionTests.BossGateAndReliquaryRequireVictoryAndOldPositionsRecover" methodname="BossGateAndReliquaryRequireVictoryAndOldPositionsRecover" classname="SurvivorFarm.Tests.DungeonExpeditionTests" runstate="Runnable" seed="1956565181" result="Passed" start-time="2026-09-10 09:42:43Z" end-time="2026-09-10 09:42:43Z" duration="0.023081" asserts="0">
              <properties>
                <property name="retryIteration" value="0" />
                <property name="repeatIteration" value="0" />
              </properties>
              <output><![CDATA[Entraste a la mazmorra.
Ruinas de Raizclara: explora las galerias y encuentra la camara del Custodio.
Goblin lancero recibio 100 de dano.
Derrotaste a Goblin lancero.
Goblin arquero recibio 100 de dano.
Derrotaste a Goblin arquero.
Golem recibio 100 de dano.
Derrotaste a Golem.
Gema recuperada. Regresa a la casa para completar la expedición.
Golem derrotado: gema azul, elemento tierra, esmeralda y oro raro disponibles.
El Custodio despierta.
El Custodio recibio 3 de dano.
El Custodio recibio 100 de dano.
Gema recuperada. Regresa a la casa para completar la expedición.
Custodio derrotado. El relicario y la salida estan abiertos.
Botin: 80 monedas, 8 hierro, 4 oro bruto, 1 rubi, 1 raciones.
Saliste de la mazmorra.
Entraste a la mazmorra.
Ruinas de Raizclara: explora las galerias y encuentra la camara del Custodio.
]]></output>
            </test-case>
            <test-case id="1044" name="DestructibleNeedsMultipleHitsAndGrantsLootOnlyOnce" fullname="SurvivorFarm.Tests.DungeonExpeditionTests.DestructibleNeedsMultipleHitsAndGrantsLootOnlyOnce" methodname="DestructibleNeedsMultipleHitsAndGrantsLootOnlyOnce" classname="SurvivorFarm.Tests.DungeonExpeditionTests" runstate="Runnable" seed="1376460839" result="Passed" start-time="2026-09-10 09:42:43Z" end-time="2026-09-10 09:42:43Z" duration="0.011105" asserts="0">
              <properties>
                <property name="retryIteration" value="0" />
                <property name="repeatIteration" value="0" />
              </properties>
              <output><![CDATA[Entraste a la mazmorra.
Ruinas de Raizclara: explora las galerias y encuentra la camara del Custodio.
Suministros: +2 madera, +3 monedas.
]]></output>
            </test-case>
            <test-case id="1045" name="GuardDeathsPersistAndOtherRoomsDoNotAggroTogether" fullname="SurvivorFarm.Tests.DungeonExpeditionTests.GuardDeathsPersistAndOtherRoomsDoNotAggroTogether" methodname="GuardDeathsPersistAndOtherRoomsDoNotAggroTogether" classname="SurvivorFarm.Tests.DungeonExpeditionTests" runstate="Runnable" seed="627782408" result="Passed" start-time="2026-09-10 09:42:43Z" end-time="2026-09-10 09:42:43Z" duration="0.013061" asserts="0">
              <properties>
                <property name="retryIteration" value="0" />
                <property name="repeatIteration" value="0" />
              </properties>
              <output><![CDATA[Entraste a la mazmorra.
Ruinas de Raizclara: explora las galerias y encuentra la camara del Custodio.
Goblin lancero recibio 100 de dano.
Derrotaste a Goblin lancero.
Saliste de la mazmorra.
Entraste a la mazmorra.
Ruinas de Raizclara: explora las galerias y encuentra la camara del Custodio.
]]></output>
            </test-case>
            <test-case id="1043" name="InteriorContainsOnlyDungeonObjectsAndBoundedEnemyPool" fullname="SurvivorFarm.Tests.DungeonExpeditionTests.InteriorContainsOnlyDungeonObjectsAndBoundedEnemyPool" methodname="InteriorContainsOnlyDungeonObjectsAndBoundedEnemyPool" classname="SurvivorFarm.Tests.DungeonExpeditionTests" runstate="Runnable" seed="1797731982" result="Passed" start-time="2026-09-10 09:42:43Z" end-time="2026-09-10 09:42:43Z" duration="0.017119" asserts="0">
              <properties>
                <property name="retryIteration" value="0" />
                <property name="repeatIteration" value="0" />
              </properties>
              <output><![CDATA[Entraste a la mazmorra.
Ruinas de Raizclara: explora las galerias y encuentra la camara del Custodio.
Saliste de la mazmorra.
Entraste a la mazmorra.
Ruinas de Raizclara: explora las galerias y encuentra la camara del Custodio.
Saliste de la mazmorra.
Entraste a la mazmorra.
Ruinas de Raizclara: explora las galerias y encuentra la camara del Custodio.
Saliste de la mazmorra.
Entraste a la mazmorra.
Ruinas de Raizclara: explora las galerias y encuentra la camara del Custodio.
]]></output>
            </test-case>
            <test-case id="1042" name="LayoutIsConnectedLargeAndHasExplorationLoop" fullname="SurvivorFarm.Tests.DungeonExpeditionTests.LayoutIsConnectedLargeAndHasExplorationLoop" methodname="LayoutIsConnectedLargeAndHasExplorationLoop" classname="SurvivorFarm.Tests.DungeonExpeditionTests" runstate="Runnable" seed="1376894853" result="Passed" start-time="2026-09-10 09:42:43Z" end-time="2026-09-10 09:42:43Z" duration="0.009420" asserts="0">
              <properties>
                <property name="retryIteration" value="0" />
                <property name="repeatIteration" value="0" />
              </properties>
            </test-case>
          </test-suite>
          <test-suite type="TestFixture" id="1049" name="EconomyTests" fullname="SurvivorFarm.Tests.EconomyTests" classname="SurvivorFarm.Tests.EconomyTests" runstate="Runnable" testcasecount="13" result="Passed" start-time="2026-09-10 09:42:43Z" end-time="2026-09-10 09:42:43Z" duration="0.041599" total="13" passed="13" failed="0" inconclusive="0" skipped="0" asserts="0">
            <properties />
            <test-case id="1050" name="CookingRequiresFireAndPreservesLegacyFruitPriority" fullname="SurvivorFarm.Tests.EconomyTests.CookingRequiresFireAndPreservesLegacyFruitPriority" methodname="CookingRequiresFireAndPreservesLegacyFruitPriority" classname="SurvivorFarm.Tests.EconomyTests" runstate="Runnable" seed="1733614526" result="Passed" start-time="2026-09-10 09:42:43Z" end-time="2026-09-10 09:42:43Z" duration="0.008474" asserts="0">
              <properties>
                <property name="retryIteration" value="0" />
                <property name="repeatIteration" value="0" />
              </properties>
              <output><![CDATA[Coloca una fogata para cocinar.
Fabricación terminada. Abre B para comida o C para equipar.
]]></output>
            </test-case>
            <test-case id="1062" name="DuplicateCatalogStacksPayOneRecipeWithoutLosingOtherUnits" fullname="SurvivorFarm.Tests.EconomyTests.DuplicateCatalogStacksPayOneRecipeWithoutLosingOtherUnits" methodname="DuplicateCatalogStacksPayOneRecipeWithoutLosingOtherUnits" classname="SurvivorFarm.Tests.EconomyTests" runstate="Runnable" seed="1627583727" result="Passed" start-time="2026-09-10 09:42:43Z" end-time="2026-09-10 09:42:43Z" duration="0.002708" asserts="0">
              <properties>
                <property name="retryIteration" value="0" />
                <property name="repeatIteration" value="0" />
              </properties>
              <output><![CDATA[Fabricación terminada. Abre B para comida o C para equipar.
]]></output>
            </test-case>
            <test-case id="1061" name="FullFoodStackRejectsCookingWithoutConsumingIngredients" fullname="SurvivorFarm.Tests.EconomyTests.FullFoodStackRejectsCookingWithoutConsumingIngredients" methodname="FullFoodStackRejectsCookingWithoutConsumingIngredients" classname="SurvivorFarm.Tests.EconomyTests" runstate="Runnable" seed="1979063634" result="Passed" start-time="2026-09-10 09:42:43Z" end-time="2026-09-10 09:42:43Z" duration="0.001336" asserts="0">
              <properties>
                <property name="retryIteration" value="0" />
                <property name="repeatIteration" value="0" />
              </properties>
              <output><![CDATA[No caben mas raciones en el inventario.
]]></output>
            </test-case>
            <test-case id="1058" name="GenericReservationsKeepSaveCountsAndCannotBeSold" fullname="SurvivorFarm.Tests.EconomyTests.GenericReservationsKeepSaveCountsAndCannotBeSold" methodname="GenericReservationsKeepSaveCountsAndCannotBeSold" classname="SurvivorFarm.Tests.EconomyTests" runstate="Runnable" seed="594043785" result="Passed" start-time="2026-09-10 09:42:43Z" end-time="2026-09-10 09:42:43Z" duration="0.001952" asserts="0">
              <properties>
                <property name="retryIteration" value="0" />
                <property name="repeatIteration" value="0" />
              </properties>
            </test-case>
            <test-case id="1051" name="LegacyCommandUsesRealCropsAndReportsTheSelectedCosts" fullname="SurvivorFarm.Tests.EconomyTests.LegacyCommandUsesRealCropsAndReportsTheSelectedCosts" methodname="LegacyCommandUsesRealCropsAndReportsTheSelectedCosts" classname="SurvivorFarm.Tests.EconomyTests" runstate="Runnable" seed="510347822" result="Passed" start-time="2026-09-10 09:42:43Z" end-time="2026-09-10 09:42:43Z" duration="0.002063" asserts="0">
              <properties>
                <property name="retryIteration" value="0" />
                <property name="repeatIteration" value="0" />
              </properties>
              <output><![CDATA[Fabricación terminada. Abre B para comida o C para equipar.
]]></output>
            </test-case>
            <test-case id="1060" name="LegacyGrowingPlotIsHiddenAndCannotBeHarvested" fullname="SurvivorFarm.Tests.EconomyTests.LegacyGrowingPlotIsHiddenAndCannotBeHarvested" methodname="LegacyGrowingPlotIsHiddenAndCannotBeHarvested" classname="SurvivorFarm.Tests.EconomyTests" runstate="Runnable" seed="1182483777" result="Passed" start-time="2026-09-10 09:42:43Z" end-time="2026-09-10 09:42:43Z" duration="0.002366" asserts="0">
              <properties>
                <property name="retryIteration" value="0" />
                <property name="repeatIteration" value="0" />
              </properties>
            </test-case>
            <test-case id="1053" name="MealTransactionPublishesCompleteIngredientsOutputAndTutorialCounter" fullname="SurvivorFarm.Tests.EconomyTests.MealTransactionPublishesCompleteIngredientsOutputAndTutorialCounter" methodname="MealTransactionPublishesCompleteIngredientsOutputAndTutorialCounter" classname="SurvivorFarm.Tests.EconomyTests" runstate="Runnable" seed="1558832124" result="Passed" start-time="2026-09-10 09:42:43Z" end-time="2026-09-10 09:42:43Z" duration="0.001755" asserts="0">
              <properties>
                <property name="retryIteration" value="0" />
                <property name="repeatIteration" value="0" />
              </properties>
              <output><![CDATA[Fabricación terminada. Abre B para comida o C para equipar.
]]></output>
            </test-case>
            <test-case id="1052" name="MissingIngredientNeverPartiallyDebitsAndUiExplainsIt" fullname="SurvivorFarm.Tests.EconomyTests.MissingIngredientNeverPartiallyDebitsAndUiExplainsIt" methodname="MissingIngredientNeverPartiallyDebitsAndUiExplainsIt" classname="SurvivorFarm.Tests.EconomyTests" runstate="Runnable" seed="182219338" result="Passed" start-time="2026-09-10 09:42:43Z" end-time="2026-09-10 09:42:43Z" duration="0.003527" asserts="0">
              <properties>
                <property name="retryIteration" value="0" />
                <property name="repeatIteration" value="0" />
              </properties>
              <output><![CDATA[Faltan 1 Trigo
]]></output>
            </test-case>
            <test-case id="1057" name="ReservationsPreventDoubleSpendingAndReleaseExactlyOnce" fullname="SurvivorFarm.Tests.EconomyTests.ReservationsPreventDoubleSpendingAndReleaseExactlyOnce" methodname="ReservationsPreventDoubleSpendingAndReleaseExactlyOnce" classname="SurvivorFarm.Tests.EconomyTests" runstate="Runnable" seed="1561833703" result="Passed" start-time="2026-09-10 09:42:43Z" end-time="2026-09-10 09:42:43Z" duration="0.002059" asserts="0">
              <properties>
                <property name="retryIteration" value="0" />
                <property name="repeatIteration" value="0" />
              </properties>
            </test-case>
            <test-case id="1059" name="RetiredPlotDoesNotReserveSeedAndKeepsLegacySnapshot" fullname="SurvivorFarm.Tests.EconomyTests.RetiredPlotDoesNotReserveSeedAndKeepsLegacySnapshot" methodname="RetiredPlotDoesNotReserveSeedAndKeepsLegacySnapshot" classname="SurvivorFarm.Tests.EconomyTests" runstate="Runnable" seed="541395250" result="Passed" start-time="2026-09-10 09:42:43Z" end-time="2026-09-10 09:42:43Z" duration="0.002404" asserts="0">
              <properties>
                <property name="retryIteration" value="0" />
                <property name="repeatIteration" value="0" />
              </properties>
            </test-case>
            <test-case id="1055" name="ShopSellsIngredientsButNeverSeeds" fullname="SurvivorFarm.Tests.EconomyTests.ShopSellsIngredientsButNeverSeeds" methodname="ShopSellsIngredientsButNeverSeeds" classname="SurvivorFarm.Tests.EconomyTests" runstate="Runnable" seed="76721001" result="Passed" start-time="2026-09-10 09:42:43Z" end-time="2026-09-10 09:42:43Z" duration="0.004293" asserts="0">
              <properties>
                <property name="retryIteration" value="0" />
                <property name="repeatIteration" value="0" />
              </properties>
              <output><![CDATA[Objeto retirado del mercado.
Compraste 2 x Zanahoria.
Venta: +8 oro.
]]></output>
            </test-case>
            <test-case id="1056" name="TradeRejectsOverflowBeforeRemovingCoinsOrItemsAndCommonSalesStayOpen" fullname="SurvivorFarm.Tests.EconomyTests.TradeRejectsOverflowBeforeRemovingCoinsOrItemsAndCommonSalesStayOpen" methodname="TradeRejectsOverflowBeforeRemovingCoinsOrItemsAndCommonSalesStayOpen" classname="SurvivorFarm.Tests.EconomyTests" runstate="Runnable" seed="861089078" result="Passed" start-time="2026-09-10 09:42:43Z" end-time="2026-09-10 09:42:43Z" duration="0.001451" asserts="0">
              <properties>
                <property name="retryIteration" value="0" />
                <property name="repeatIteration" value="0" />
              </properties>
              <output><![CDATA[Venta: +3 oro.
]]></output>
            </test-case>
            <test-case id="1054" name="WorkshopUnlocksOnlyOptionalBatchAndBasicEquipmentStaysAvailable" fullname="SurvivorFarm.Tests.EconomyTests.WorkshopUnlocksOnlyOptionalBatchAndBasicEquipmentStaysAvailable" methodname="WorkshopUnlocksOnlyOptionalBatchAndBasicEquipmentStaysAvailable" classname="SurvivorFarm.Tests.EconomyTests" runstate="Runnable" seed="610268378" result="Passed" start-time="2026-09-10 09:42:43Z" end-time="2026-09-10 09:42:43Z" duration="0.003556" asserts="0">
              <properties>
                <property name="retryIteration" value="0" />
                <property name="repeatIteration" value="0" />
              </properties>
              <output><![CDATA[Repara el taller de Nico.
Fabricación terminada. Abre B para comida o C para equipar.
Fabricación terminada. Abre B para comida o C para equipar.
]]></output>
            </test-case>
          </test-suite>
          <test-suite type="TestFixture" id="1063" name="EnemyCampTests" fullname="SurvivorFarm.Tests.EnemyCampTests" classname="SurvivorFarm.Tests.EnemyCampTests" runstate="Runnable" testcasecount="14" result="Passed" start-time="2026-09-10 09:42:43Z" end-time="2026-09-10 09:42:44Z" duration="1.120421" total="14" passed="14" failed="0" inconclusive="0" skipped="0" asserts="0">
            <properties />
            <test-case id="1077" name="EmptyLegacyCampDataAndCorruptMasksHaveSafeDefaults" fullname="SurvivorFarm.Tests.EnemyCampTests.EmptyLegacyCampDataAndCorruptMasksHaveSafeDefaults" methodname="EmptyLegacyCampDataAndCorruptMasksHaveSafeDefaults" classname="SurvivorFarm.Tests.EnemyCampTests" runstate="Runnable" seed="1509799787" result="Passed" start-time="2026-09-10 09:42:43Z" end-time="2026-09-10 09:42:43Z" duration="0.016434" asserts="0">
              <properties>
                <property name="retryIteration" value="0" />
                <property name="repeatIteration" value="0" />
              </properties>
            </test-case>
            <test-case id="1064" name="FourDistinctMixedCampsLeaveVillageRoadsAndRiverClear" fullname="SurvivorFarm.Tests.EnemyCampTests.FourDistinctMixedCampsLeaveVillageRoadsAndRiverClear" methodname="FourDistinctMixedCampsLeaveVillageRoadsAndRiverClear" classname="SurvivorFarm.Tests.EnemyCampTests" runstate="Runnable" seed="2008318228" result="Passed" start-time="2026-09-10 09:42:43Z" end-time="2026-09-10 09:42:43Z" duration="0.005113" asserts="0">
              <properties>
                <property name="retryIteration" value="0" />
                <property name="repeatIteration" value="0" />
              </properties>
            </test-case>
            <test-case id="1066" name="GuardRosterAndProjectilesArePrewarmedOnlyOnce" fullname="SurvivorFarm.Tests.EnemyCampTests.GuardRosterAndProjectilesArePrewarmedOnlyOnce" methodname="GuardRosterAndProjectilesArePrewarmedOnlyOnce" classname="SurvivorFarm.Tests.EnemyCampTests" runstate="Runnable" seed="1412825542" result="Passed" start-time="2026-09-10 09:42:43Z" end-time="2026-09-10 09:42:43Z" duration="0.009119" asserts="0">
              <properties>
                <property name="retryIteration" value="0" />
                <property name="repeatIteration" value="0" />
              </properties>
            </test-case>
            <test-case id="1068" name="GuardsChaseIntrudersButReturnInsteadOfEnteringTown" fullname="SurvivorFarm.Tests.EnemyCampTests.GuardsChaseIntrudersButReturnInsteadOfEnteringTown" methodname="GuardsChaseIntrudersButReturnInsteadOfEnteringTown" classname="SurvivorFarm.Tests.EnemyCampTests" runstate="Runnable" seed="1075403019" result="Passed" start-time="2026-09-10 09:42:43Z" end-time="2026-09-10 09:42:44Z" duration="0.906453" asserts="0">
              <properties>
                <property name="_JOINTYPE" value="UnityCombinatorial" />
                <property name="retryIteration" value="0" />
                <property name="repeatIteration" value="0" />
              </properties>
              <output><![CDATA[There are no audio listeners in the scene. Please ensure there is always one audio listener in the scene
Saqueadores del oeste - 4 enemigos
]]></output>
            </test-case>
            <test-case id="1067" name="GuardsPatrolWhenNearbyButNotAlerted" fullname="SurvivorFarm.Tests.EnemyCampTests.GuardsPatrolWhenNearbyButNotAlerted" methodname="GuardsPatrolWhenNearbyButNotAlerted" classname="SurvivorFarm.Tests.EnemyCampTests" runstate="Runnable" seed="311887728" result="Passed" start-time="2026-09-10 09:42:44Z" end-time="2026-09-10 09:42:44Z" duration="0.086205" asserts="0">
              <properties>
                <property name="_JOINTYPE" value="UnityCombinatorial" />
                <property name="retryIteration" value="0" />
                <property name="repeatIteration" value="0" />
              </properties>
              <output><![CDATA[There are no audio listeners in the scene. Please ensure there is always one audio listener in the scene
Saqueadores del oeste - 4 enemigos
]]></output>
            </test-case>
            <test-case id="1071" name="LastGuardAutomaticallyRewardsOnceWithoutReachingTheChest" fullname="SurvivorFarm.Tests.EnemyCampTests.LastGuardAutomaticallyRewardsOnceWithoutReachingTheChest" methodname="LastGuardAutomaticallyRewardsOnceWithoutReachingTheChest" classname="SurvivorFarm.Tests.EnemyCampTests" runstate="Runnable" seed="1296938182" result="Passed" start-time="2026-09-10 09:42:44Z" end-time="2026-09-10 09:42:44Z" duration="0.011911" asserts="0">
              <properties>
                <property name="retryIteration" value="0" />
                <property name="repeatIteration" value="0" />
              </properties>
              <output><![CDATA[Limo del campamento recibio 100 de dano.
Derrotaste a Limo del campamento.
Escondite del sur: quedan 2 enemigos.
Goblin lancero recibio 100 de dano.
Derrotaste a Goblin lancero.
Escondite del sur: quedan 1 enemigos.
Limo del campamento recibio 100 de dano.
Derrotaste a Limo del campamento.
Escondite del sur despejado!
+15 oro, +2 hierro, +2 raciones.
]]></output>
            </test-case>
            <test-case id="1069" name="LeavingCampCancelsArrowsAndOwnerDisableAlsoCancelsThem" fullname="SurvivorFarm.Tests.EnemyCampTests.LeavingCampCancelsArrowsAndOwnerDisableAlsoCancelsThem" methodname="LeavingCampCancelsArrowsAndOwnerDisableAlsoCancelsThem" classname="SurvivorFarm.Tests.EnemyCampTests" runstate="Runnable" seed="1020604887" result="Passed" start-time="2026-09-10 09:42:44Z" end-time="2026-09-10 09:42:44Z" duration="0.013879" asserts="0">
              <properties>
                <property name="_JOINTYPE" value="UnityCombinatorial" />
                <property name="retryIteration" value="0" />
                <property name="repeatIteration" value="0" />
              </properties>
              <output><![CDATA[There are no audio listeners in the scene. Please ensure there is always one audio listener in the scene
]]></output>
            </test-case>
            <test-case id="1072" name="LegacyClearedChestPaysOnceAfterRestoreButClaimedChestNeverPaysAgain" fullname="SurvivorFarm.Tests.EnemyCampTests.LegacyClearedChestPaysOnceAfterRestoreButClaimedChestNeverPaysAgain" methodname="LegacyClearedChestPaysOnceAfterRestoreButClaimedChestNeverPaysAgain" classname="SurvivorFarm.Tests.EnemyCampTests" runstate="Runnable" seed="1051036987" result="Passed" start-time="2026-09-10 09:42:44Z" end-time="2026-09-10 09:42:44Z" duration="0.010881" asserts="0">
              <properties>
                <property name="_JOINTYPE" value="UnityCombinatorial" />
                <property name="retryIteration" value="0" />
                <property name="repeatIteration" value="0" />
              </properties>
              <output><![CDATA[There are no audio listeners in the scene. Please ensure there is always one audio listener in the scene
Escondite del sur despejado!
+15 oro, +2 hierro, +2 raciones.
]]></output>
            </test-case>
            <test-case id="1074" name="LivingGuardsCannotBeCountedAsDefeatedByRepeatedCallbacks" fullname="SurvivorFarm.Tests.EnemyCampTests.LivingGuardsCannotBeCountedAsDefeatedByRepeatedCallbacks" methodname="LivingGuardsCannotBeCountedAsDefeatedByRepeatedCallbacks" classname="SurvivorFarm.Tests.EnemyCampTests" runstate="Runnable" seed="1602991366" result="Passed" start-time="2026-09-10 09:42:44Z" end-time="2026-09-10 09:42:44Z" duration="0.006482" asserts="0">
              <properties>
                <property name="retryIteration" value="0" />
                <property name="repeatIteration" value="0" />
              </properties>
            </test-case>
            <test-case id="1070" name="PartialClearSurvivesSerializationAndDoesNotRespawnDefeatedGuards" fullname="SurvivorFarm.Tests.EnemyCampTests.PartialClearSurvivesSerializationAndDoesNotRespawnDefeatedGuards" methodname="PartialClearSurvivesSerializationAndDoesNotRespawnDefeatedGuards" classname="SurvivorFarm.Tests.EnemyCampTests" runstate="Runnable" seed="917480873" result="Passed" start-time="2026-09-10 09:42:44Z" end-time="2026-09-10 09:42:44Z" duration="0.007662" asserts="0">
              <properties>
                <property name="retryIteration" value="0" />
                <property name="repeatIteration" value="0" />
              </properties>
              <output><![CDATA[Goblin lancero recibio 100 de dano.
Derrotaste a Goblin lancero.
Saqueadores del oeste: quedan 3 enemigos.
]]></output>
            </test-case>
            <test-case id="1075" name="PendingVictorySuppliesWaitUntilPlayerRevives" fullname="SurvivorFarm.Tests.EnemyCampTests.PendingVictorySuppliesWaitUntilPlayerRevives" methodname="PendingVictorySuppliesWaitUntilPlayerRevives" classname="SurvivorFarm.Tests.EnemyCampTests" runstate="Runnable" seed="1265891577" result="Passed" start-time="2026-09-10 09:42:44Z" end-time="2026-09-10 09:42:44Z" duration="0.013013" asserts="0">
              <properties>
                <property name="_JOINTYPE" value="UnityCombinatorial" />
                <property name="retryIteration" value="0" />
                <property name="repeatIteration" value="0" />
              </properties>
              <output><![CDATA[There are no audio listeners in the scene. Please ensure there is always one audio listener in the scene
Escondite del sur despejado!
+15 oro, +2 hierro, +2 raciones.
]]></output>
            </test-case>
            <test-case id="1073" name="ReentrantVictoryCallbacksCannotDuplicateCampSupplies" fullname="SurvivorFarm.Tests.EnemyCampTests.ReentrantVictoryCallbacksCannotDuplicateCampSupplies" methodname="ReentrantVictoryCallbacksCannotDuplicateCampSupplies" classname="SurvivorFarm.Tests.EnemyCampTests" runstate="Runnable" seed="407932132" result="Passed" start-time="2026-09-10 09:42:44Z" end-time="2026-09-10 09:42:44Z" duration="0.010365" asserts="0">
              <properties>
                <property name="retryIteration" value="0" />
                <property name="repeatIteration" value="0" />
              </properties>
              <output><![CDATA[Limo del campamento recibio 100 de dano.
Derrotaste a Limo del campamento.
Escondite del sur: quedan 2 enemigos.
Goblin lancero recibio 100 de dano.
Derrotaste a Goblin lancero.
Escondite del sur: quedan 1 enemigos.
Limo del campamento recibio 100 de dano.
[...]
              <properties>
                <property name="retryIteration" value="0" />
                <property name="repeatIteration" value="0" />
              </properties>
            </test-case>
            <test-case id="1310" name="LegacyRankRewardsStayOwnedAndCannotBeClaimedAgain" fullname="SurvivorFarm.Tests.VillageServicesTests.LegacyRankRewardsStayOwnedAndCannotBeClaimedAgain" methodname="LegacyRankRewardsStayOwnedAndCannotBeClaimedAgain" classname="SurvivorFarm.Tests.VillageServicesTests" runstate="Runnable" seed="928914035" result="Passed" start-time="2026-09-10 09:43:00Z" end-time="2026-09-10 09:43:00Z" duration="0.000628" asserts="0">
              <properties>
                <property name="retryIteration" value="0" />
                <property name="repeatIteration" value="0" />
              </properties>
            </test-case>
            <test-case id="1318" name="NoteCannotBeUsedToFarmInfluence" fullname="SurvivorFarm.Tests.VillageServicesTests.NoteCannotBeUsedToFarmInfluence" methodname="NoteCannotBeUsedToFarmInfluence" classname="SurvivorFarm.Tests.VillageServicesTests" runstate="Runnable" seed="236774324" result="Passed" start-time="2026-09-10 09:43:00Z" end-time="2026-09-10 09:43:00Z" duration="0.001859" asserts="0">
              <properties>
                <property name="retryIteration" value="0" />
                <property name="repeatIteration" value="0" />
              </properties>
              <output><![CDATA[«El valle se apaga desde que robaron el Corazón del Valle». La aldea necesita comida antes del anochecer: empieza talando un árbol cercano. Influencia +1.
Acércate a un árbol y pulsa Interactuar hasta talarlo. El hacha se usa sola.
]]></output>
            </test-case>
            <test-case id="1316" name="ProtectorReceivesLargerOrderForTheSameMaterials" fullname="SurvivorFarm.Tests.VillageServicesTests.ProtectorReceivesLargerOrderForTheSameMaterials" methodname="ProtectorReceivesLargerOrderForTheSameMaterials" classname="SurvivorFarm.Tests.VillageServicesTests" runstate="Runnable" seed="1932412096" result="Passed" start-time="2026-09-10 09:43:00Z" end-time="2026-09-10 09:43:00Z" duration="0.001328" asserts="0">
              <properties>
                <property name="retryIteration" value="0" />
                <property name="repeatIteration" value="0" />
              </properties>
              <output><![CDATA[Nico entrega los herrajes: -4 madera, -6 piedra, +3 hierro. «Para el equipo de tu próxima salida. Mañana tendré otro encargo».
]]></output>
            </test-case>
            <test-case id="1308" name="ProtectorRequiresPantryWorkshopAndAThirdProject" fullname="SurvivorFarm.Tests.VillageServicesTests.ProtectorRequiresPantryWorkshopAndAThirdProject" methodname="ProtectorRequiresPantryWorkshopAndAThirdProject" classname="SurvivorFarm.Tests.VillageServicesTests" runstate="Runnable" seed="491582145" result="Passed" start-time="2026-09-10 09:43:00Z" end-time="2026-09-10 09:43:00Z" duration="0.000386" asserts="0">
              <properties>
                <property name="retryIteration" value="0" />
                <property name="repeatIteration" value="0" />
              </properties>
            </test-case>
            <test-case id="1315" name="ReentrantInventoryCallbackCannotDuplicateWorkshopOrder" fullname="SurvivorFarm.Tests.VillageServicesTests.ReentrantInventoryCallbackCannotDuplicateWorkshopOrder" methodname="ReentrantInventoryCallbackCannotDuplicateWorkshopOrder" classname="SurvivorFarm.Tests.VillageServicesTests" runstate="Runnable" seed="2050367819" result="Passed" start-time="2026-09-10 09:43:00Z" end-time="2026-09-10 09:43:00Z" duration="0.002518" asserts="0">
              <properties>
                <property name="retryIteration" value="0" />
                <property name="repeatIteration" value="0" />
              </properties>
              <output><![CDATA[Nico - encargo de herrajes: 4 madera y 6 piedra por 2 hierro, una vez al dia. Encargo entregado hoy. Vuelve manana.
Nico - encargo de herrajes: 4 madera y 6 piedra por 2 hierro, una vez al dia. Encargo entregado hoy. Vuelve manana.
Nico - encargo de herrajes: 4 madera y 6 piedra por 2 hierro, una vez al dia. Encargo entregado hoy. Vuelve manana.
Nico entrega los herrajes: -4 madera, -6 piedra, +2 hierro. «Para el equipo de tu próxima salida. Mañana tendré otro encargo».
]]></output>
            </test-case>
            <test-case id="1317" name="RepeatedWellInteractionsNeverRestoreHunger" fullname="SurvivorFarm.Tests.VillageServicesTests.RepeatedWellInteractionsNeverRestoreHunger" methodname="RepeatedWellInteractionsNeverRestoreHunger" classname="SurvivorFarm.Tests.VillageServicesTests" runstate="Runnable" seed="1020777154" result="Passed" start-time="2026-09-10 09:43:00Z" end-time="2026-09-10 09:43:00Z" duration="0.007566" asserts="0">
              <properties>
                <property name="retryIteration" value="0" />
                <property name="repeatIteration" value="0" />
              </properties>
              <output><![CDATA[El pozo es el punto de encuentro del pueblo. Dalia vende provisiones en su puesto, al este de la plaza.
El pozo es el punto de encuentro del pueblo. Dalia vende provisiones en su puesto, al este de la plaza.
El pozo es el punto de encuentro del pueblo. Dalia vende provisiones en su puesto, al este de la plaza.
El pozo es el punto de encuentro del pueblo. Dalia vende provisiones en su puesto, al este de la plaza.
El pozo es el punto de encuentro del pueblo. Dalia vende provisiones en su puesto, al este de la plaza.
El pozo es el punto de encuentro del pueblo. Dalia vende provisiones en su puesto, al este de la plaza.
El pozo es el punto de encuentro del pueblo. Dalia vende provisiones en su puesto, al este de la plaza.
El pozo es el punto de encuentro del pueblo. Dalia vende provisiones en su puesto, al este de la plaza.
El pozo es el punto de encuentro del pueblo. Dalia vende provisiones en su puesto, al este de la plaza.
El pozo es el punto de encuentro del pueblo. Dalia vende provisiones en su puesto, al este de la plaza.
El pozo es el punto de encuentro del pueblo. Dalia vende provisiones en su puesto, al este de la plaza.
El pozo es el punto de encuentro del pueblo. Dalia vende provisiones en su puesto, al este de la plaza.
El pozo es el punto de encuentro del pueblo. Dalia vende provisiones en su puesto, al este de la plaza.
El pozo es el punto de encuentro del pueblo. Dalia vende provisiones en su puesto, al este de la plaza.
El pozo es el punto de encuentro del pueblo. Dalia vende provisiones en su puesto, al este de la plaza.
El pozo es el punto de encuentro del pueblo. Dalia vende provisiones en su puesto, al este de la plaza.
El pozo es el punto de encuentro del pueblo. Dalia vende provisiones en su puesto, al este de la plaza.
El pozo es el punto de encuentro del pueblo. Dalia vende provisiones en su puesto, al este de la plaza.
El pozo es el punto de encuentro del pueblo. Dalia vende provisiones en su puesto, al este de la plaza.
El pozo es el punto de encuentro del pueblo. Dalia vende provisiones en su puesto, al este de la plaza.
]]></output>
            </test-case>
            <test-suite type="ParameterizedMethod" id="1307" name="StoryPointsAloneDoNotGrantHighVillageRank" fullname="SurvivorFarm.Tests.VillageServicesTests.StoryPointsAloneDoNotGrantHighVillageRank" classname="SurvivorFarm.Tests.VillageServicesTests" runstate="Runnable" testcasecount="3" result="Passed" start-time="2026-09-10 09:43:00Z" end-time="2026-09-10 09:43:00Z" duration="0.003107" total="3" passed="3" failed="0" inconclusive="0" skipped="0" asserts="0">
              <properties />
              <test-case id="1304" name="StoryPointsAloneDoNotGrantHighVillageRank(16)" fullname="SurvivorFarm.Tests.VillageServicesTests.StoryPointsAloneDoNotGrantHighVillageRank(16)" methodname="StoryPointsAloneDoNotGrantHighVillageRank" classname="SurvivorFarm.Tests.VillageServicesTests" runstate="Runnable" seed="1451829772" result="Passed" start-time="2026-09-10 09:43:00Z" end-time="2026-09-10 09:43:00Z" duration="0.000657" asserts="0">
                <properties>
                  <property name="retryIteration" value="0" />
                  <property name="repeatIteration" value="0" />
                </properties>
              </test-case>
              <test-case id="1305" name="StoryPointsAloneDoNotGrantHighVillageRank(28)" fullname="SurvivorFarm.Tests.VillageServicesTests.StoryPointsAloneDoNotGrantHighVillageRank(28)" methodname="StoryPointsAloneDoNotGrantHighVillageRank" classname="SurvivorFarm.Tests.VillageServicesTests" runstate="Runnable" seed="1174801368" result="Passed" start-time="2026-09-10 09:43:00Z" end-time="2026-09-10 09:43:00Z" duration="0.000264" asserts="0">
                <properties>
                  <property name="retryIteration" value="0" />
                  <property name="repeatIteration" value="0" />
                </properties>
              </test-case>
              <test-case id="1306" name="StoryPointsAloneDoNotGrantHighVillageRank(99)" fullname="SurvivorFarm.Tests.VillageServicesTests.StoryPointsAloneDoNotGrantHighVillageRank(99)" methodname="StoryPointsAloneDoNotGrantHighVillageRank" classname="SurvivorFarm.Tests.VillageServicesTests" runstate="Runnable" seed="1204366412" result="Passed" start-time="2026-09-10 09:43:00Z" end-time="2026-09-10 09:43:00Z" duration="0.000295" asserts="0">
                <properties>
                  <property name="retryIteration" value="0" />
                  <property name="repeatIteration" value="0" />
                </properties>
              </test-case>
            </test-suite>
            <test-case id="1314" name="WorkshopDailyLimitSurvivesSaveLoadAndResetsNextDay" fullname="SurvivorFarm.Tests.VillageServicesTests.WorkshopDailyLimitSurvivesSaveLoadAndResetsNextDay" methodname="WorkshopDailyLimitSurvivesSaveLoadAndResetsNextDay" classname="SurvivorFarm.Tests.VillageServicesTests" runstate="Runnable" seed="2001778297" result="Passed" start-time="2026-09-10 09:43:00Z" end-time="2026-09-10 09:43:00Z" duration="0.003362" asserts="0">
              <properties>
                <property name="retryIteration" value="0" />
                <property name="repeatIteration" value="0" />
              </properties>
              <output><![CDATA[Nico entrega los herrajes: -4 madera, -6 piedra, +2 hierro. «Para el equipo de tu próxima salida. Mañana tendré otro encargo».
Nico - encargo de herrajes: 4 madera y 6 piedra por 2 hierro, una vez al dia. Encargo entregado hoy. Vuelve manana.
Nico entrega los herrajes: -4 madera, -6 piedra, +2 hierro. «Para el equipo de tu próxima salida. Mañana tendré otro encargo».
]]></output>
            </test-case>
            <test-case id="1320" name="WorkshopFacadeChangesAndPreservesTheSharedLotAndCollisionSize" fullname="SurvivorFarm.Tests.VillageServicesTests.WorkshopFacadeChangesAndPreservesTheSharedLotAndCollisionSize" methodname="WorkshopFacadeChangesAndPreservesTheSharedLotAndCollisionSize" classname="SurvivorFarm.Tests.VillageServicesTests" runstate="Runnable" seed="560000891" result="Passed" start-time="2026-09-10 09:43:00Z" end-time="2026-09-10 09:43:00Z" duration="0.003213" asserts="0">
              <properties>
                <property name="retryIteration" value="0" />
                <property name="repeatIteration" value="0" />
              </properties>
            </test-case>
            <test-case id="1312" name="WorkshopRepairIsPaidOnceAndDoesNotConsumeDailyService" fullname="SurvivorFarm.Tests.VillageServicesTests.WorkshopRepairIsPaidOnceAndDoesNotConsumeDailyService" methodname="WorkshopRepairIsPaidOnceAndDoesNotConsumeDailyService" classname="SurvivorFarm.Tests.VillageServicesTests" runstate="Runnable" seed="1854799511" result="Passed" start-time="2026-09-10 09:43:00Z" end-time="2026-09-10 09:43:00Z" duration="0.001575" asserts="0">
              <properties>
                <property name="retryIteration" value="0" />
                <property name="repeatIteration" value="0" />
              </properties>
              <output><![CDATA[Nico retira las tablas y abre el taller. +2 hierro y escudo de madera. En su banco: 4 madera y 6 piedra por 2 hierro, una vez al dia. «Esta vez saldrás con equipo preparado aquí». Influencia +4. Nuevo rango: Ayudante. Recompensa de Ayudante: +10 oro, +2 raciones.
]]></output>
            </test-case>
            <test-case id="1313" name="WorkshopRequiresReconstructionAndMaterialsWithoutPartialPayment" fullname="SurvivorFarm.Tests.VillageServicesTests.WorkshopRequiresReconstructionAndMaterialsWithoutPartialPayment" methodname="WorkshopRequiresReconstructionAndMaterialsWithoutPartialPayment" classname="SurvivorFarm.Tests.VillageServicesTests" runstate="Runnable" seed="176447523" result="Passed" start-time="2026-09-10 09:43:00Z" end-time="2026-09-10 09:43:00Z" duration="0.001492" asserts="0">
              <properties>
                <property name="retryIteration" value="0" />
                <property name="repeatIteration" value="0" />
              </properties>
              <output><![CDATA[Nico - encargo de herrajes: 4 madera y 6 piedra por 2 hierro, una vez al dia. Repara el taller: 12 madera y 8 piedra tras la primera noche.
Nico - encargo de herrajes: 4 madera y 6 piedra por 2 hierro, una vez al dia. Faltan materiales: 4/4 madera, 5/6 piedra.
]]></output>
            </test-case>
          </test-suite>
          <test-suite type="TestFixture" id="1339" name="WildResourceRegrowthTests" fullname="SurvivorFarm.Tests.WildResourceRegrowthTests" classname="SurvivorFarm.Tests.WildResourceRegrowthTests" runstate="Runnable" testcasecount="7" result="Passed" start-time="2026-09-10 09:43:00Z" end-time="2026-09-10 09:43:00Z" duration="0.055327" total="7" passed="7" failed="0" inconclusive="0" skipped="0" asserts="0">
            <properties />
            <test-case id="1344" name="BlockedSitesRetryWithoutCreatingObjectsOrOverlapping" fullname="SurvivorFarm.Tests.WildResourceRegrowthTests.BlockedSitesRetryWithoutCreatingObjectsOrOverlapping" methodname="BlockedSitesRetryWithoutCreatingObjectsOrOverlapping" classname="SurvivorFarm.Tests.WildResourceRegrowthTests" runstate="Runnable" seed="2047956938" result="Passed" start-time="2026-09-10 09:43:00Z" end-time="2026-09-10 09:43:00Z" duration="0.013653" asserts="0">
              <properties>
                <property name="retryIteration" value="0" />
                <property name="repeatIteration" value="0" />
              </properties>
              <output><![CDATA[+2 piedra
]]></output>
            </test-case>
            <test-suite type="ParameterizedMethod" id="1342" name="DepletionWaitsThenRelocatesTheSameSharedResource" fullname="SurvivorFarm.Tests.WildResourceRegrowthTests.DepletionWaitsThenRelocatesTheSameSharedResource" classname="SurvivorFarm.Tests.WildResourceRegrowthTests" runstate="Runnable" testcasecount="2" result="Passed" start-time="2026-09-10 09:43:00Z" end-time="2026-09-10 09:43:00Z" duration="0.013970" total="2" passed="2" failed="0" inconclusive="0" skipped="0" asserts="0">
              <properties />
              <test-case id="1340" name="DepletionWaitsThenRelocatesTheSameSharedResource(True)" fullname="SurvivorFarm.Tests.WildResourceRegrowthTests.DepletionWaitsThenRelocatesTheSameSharedResource(True)" methodname="DepletionWaitsThenRelocatesTheSameSharedResource" classname="SurvivorFarm.Tests.WildResourceRegrowthTests" runstate="Runnable" seed="2103246232" result="Passed" start-time="2026-09-10 09:43:00Z" end-time="2026-09-10 09:43:00Z" duration="0.006014" asserts="0">
                <properties>
                  <property name="retryIteration" value="0" />
                  <property name="repeatIteration" value="0" />
                </properties>
                <output><![CDATA[+2 madera
]]></output>
              </test-case>
              <test-case id="1341" name="DepletionWaitsThenRelocatesTheSameSharedResource(False)" fullname="SurvivorFarm.Tests.WildResourceRegrowthTests.DepletionWaitsThenRelocatesTheSameSharedResource(False)" methodname="DepletionWaitsThenRelocatesTheSameSharedResource" classname="SurvivorFarm.Tests.WildResourceRegrowthTests" runstate="Runnable" seed="3278302" result="Passed" start-time="2026-09-10 09:43:00Z" end-time="2026-09-10 09:43:00Z" duration="0.006363" asserts="0">
                <properties>
                  <property name="retryIteration" value="0" />
                  <property name="repeatIteration" value="0" />
                </properties>
                <output><![CDATA[+2 piedra
]]></output>
              </test-case>
            </test-suite>
            <test-case id="1347" name="ExistingNearbyResourcesReserveTheirSpaceAndThePoolIsBounded" fullname="SurvivorFarm.Tests.WildResourceRegrowthTests.ExistingNearbyResourcesReserveTheirSpaceAndThePoolIsBounded" methodname="ExistingNearbyResourcesReserveTheirSpaceAndThePoolIsBounded" classname="SurvivorFarm.Tests.WildResourceRegrowthTests" runstate="Runnable" seed="1994498723" result="Passed" start-time="2026-09-10 09:43:00Z" end-time="2026-09-10 09:43:00Z" duration="0.006805" asserts="0">
              <properties>
                <property name="retryIteration" value="0" />
                <property name="repeatIteration" value="0" />
              </properties>
              <output><![CDATA[+2 madera
]]></output>
            </test-case>
            <test-case id="1346" name="OldAndInvalidRegrowthDataKeepTheAuthoredAnchor" fullname="SurvivorFarm.Tests.WildResourceRegrowthTests.OldAndInvalidRegrowthDataKeepTheAuthoredAnchor" methodname="OldAndInvalidRegrowthDataKeepTheAuthoredAnchor" classname="SurvivorFarm.Tests.WildResourceRegrowthTests" runstate="Runnable" seed="178047882" result="Passed" start-time="2026-09-10 09:43:00Z" end-time="2026-09-10 09:43:00Z" duration="0.005456" asserts="0">
              <properties>
                <property name="retryIteration" value="0" />
                <property name="repeatIteration" value="0" />
              </properties>
            </test-case>
            <test-case id="1343" name="RoadsVillageCenterWaterPlayerAndSolidObjectsAreExcluded" fullname="SurvivorFarm.Tests.WildResourceRegrowthTests.RoadsVillageCenterWaterPlayerAndSolidObjectsAreExcluded" methodname="RoadsVillageCenterWaterPlayerAndSolidObjectsAreExcluded" classname="SurvivorFarm.Tests.WildResourceRegrowthTests" runstate="Runnable" seed="68490401" result="Passed" start-time="2026-09-10 09:43:00Z" end-time="2026-09-10 09:43:00Z" duration="0.005668" asserts="0">
              <properties>
                <property name="retryIteration" value="0" />
                <property name="repeatIteration" value="0" />
              </properties>
            </test-case>
            <test-case id="1345" name="SaveRoundtripPreservesRandomPositionPendingTimerAndStableIdentity" fullname="SurvivorFarm.Tests.WildResourceRegrowthTests.SaveRoundtripPreservesRandomPositionPendingTimerAndStableIdentity" methodname="SaveRoundtripPreservesRandomPositionPendingTimerAndStableIdentity" classname="SurvivorFarm.Tests.WildResourceRegrowthTests" runstate="Runnable" seed="228650447" result="Passed" start-time="2026-09-10 09:43:00Z" end-time="2026-09-10 09:43:00Z" duration="0.006409" asserts="0">
              <properties>
                <property name="retryIteration" value="0" />
                <property name="repeatIteration" value="0" />
              </properties>
              <output><![CDATA[+2 piedra
Saving results to: C:/Users/Juan Jose/AppData/LocalLow/DefaultCompany/Survivor Farm\TestResults.xml
]]></output>
            </test-case>
          </test-suite>
        </test-suite>
      </test-suite>
    </test-suite>
  </test-suite>
</test-run>